[debug] [2025-09-10T20:13:34.671Z] ----------------------------------------------------------------------
[debug] [2025-09-10T20:13:34.673Z] Command:       /Users/rambodrad/.nvm/versions/node/v20.19.5/bin/node /Users/rambodrad/.nvm/versions/node/v18.20.5/bin/firebase deploy --only functions
[debug] [2025-09-10T20:13:34.673Z] CLI Version:   14.15.2
[debug] [2025-09-10T20:13:34.673Z] Platform:      darwin
[debug] [2025-09-10T20:13:34.673Z] Node Version:  v20.19.5
[debug] [2025-09-10T20:13:34.673Z] Time:          Wed Sep 10 2025 14:13:34 GMT-0600 (Mountain Daylight Time)
[debug] [2025-09-10T20:13:34.673Z] ----------------------------------------------------------------------
[debug] 
[debug] [2025-09-10T20:13:34.772Z] > command requires scopes: ["email","openid","https://www.googleapis.com/auth/cloudplatformprojects.readonly","https://www.googleapis.com/auth/firebase","https://www.googleapis.com/auth/cloud-platform"]
[debug] [2025-09-10T20:13:34.772Z] > authorizing via signed-in user (admin@razzberry.ai)
[debug] [2025-09-10T20:13:34.772Z] [iam] checking project razz6-92831 for permissions ["cloudfunctions.functions.create","cloudfunctions.functions.delete","cloudfunctions.functions.get","cloudfunctions.functions.list","cloudfunctions.functions.update","cloudfunctions.operations.get","firebase.projects.get"]
[debug] [2025-09-10T20:13:34.773Z] Checked if tokens are valid: false, expires at: 1757531026824
[debug] [2025-09-10T20:13:34.773Z] Checked if tokens are valid: false, expires at: 1757531026824
[debug] [2025-09-10T20:13:34.773Z] > refreshing access token with scopes: []
[debug] [2025-09-10T20:13:34.774Z] >>> [apiv2][query] POST https://www.googleapis.com/oauth2/v3/token [none]
[debug] [2025-09-10T20:13:34.774Z] >>> [apiv2][body] POST https://www.googleapis.com/oauth2/v3/token [omitted]
[debug] [2025-09-10T20:13:34.927Z] <<< [apiv2][status] POST https://www.googleapis.com/oauth2/v3/token 200
[debug] [2025-09-10T20:13:34.927Z] <<< [apiv2][body] POST https://www.googleapis.com/oauth2/v3/token [omitted]
[debug] [2025-09-10T20:13:34.942Z] >>> [apiv2][query] POST https://cloudresourcemanager.googleapis.com/v1/projects/razz6-92831:testIamPermissions [none]
[debug] [2025-09-10T20:13:34.942Z] >>> [apiv2][(partial)header] POST https://cloudresourcemanager.googleapis.com/v1/projects/razz6-92831:testIamPermissions x-goog-quota-user=projects/razz6-92831
[debug] [2025-09-10T20:13:34.942Z] >>> [apiv2][body] POST https://cloudresourcemanager.googleapis.com/v1/projects/razz6-92831:testIamPermissions {"permissions":["cloudfunctions.functions.create","cloudfunctions.functions.delete","cloudfunctions.functions.get","cloudfunctions.functions.list","cloudfunctions.functions.update","cloudfunctions.operations.get","firebase.projects.get"]}
[debug] [2025-09-10T20:13:35.112Z] <<< [apiv2][status] POST https://cloudresourcemanager.googleapis.com/v1/projects/razz6-92831:testIamPermissions 200
[debug] [2025-09-10T20:13:35.112Z] <<< [apiv2][body] POST https://cloudresourcemanager.googleapis.com/v1/projects/razz6-92831:testIamPermissions {"permissions":["cloudfunctions.functions.create","cloudfunctions.functions.delete","cloudfunctions.functions.get","cloudfunctions.functions.list","cloudfunctions.functions.update","cloudfunctions.operations.get","firebase.projects.get"]}
[debug] [2025-09-10T20:13:35.112Z] Checked if tokens are valid: true, expires at: 1757538813927
[debug] [2025-09-10T20:13:35.112Z] Checked if tokens are valid: true, expires at: 1757538813927
[debug] [2025-09-10T20:13:35.113Z] >>> [apiv2][query] POST https://iam.googleapis.com/v1/projects/razz6-92831/serviceAccounts/razz6-92831@appspot.gserviceaccount.com:testIamPermissions [none]
[debug] [2025-09-10T20:13:35.113Z] >>> [apiv2][body] POST https://iam.googleapis.com/v1/projects/razz6-92831/serviceAccounts/razz6-92831@appspot.gserviceaccount.com:testIamPermissions {"permissions":["iam.serviceAccounts.actAs"]}
[debug] [2025-09-10T20:13:35.529Z] <<< [apiv2][status] POST https://iam.googleapis.com/v1/projects/razz6-92831/serviceAccounts/razz6-92831@appspot.gserviceaccount.com:testIamPermissions 404
[debug] [2025-09-10T20:13:35.529Z] <<< [apiv2][body] POST https://iam.googleapis.com/v1/projects/razz6-92831/serviceAccounts/razz6-92831@appspot.gserviceaccount.com:testIamPermissions {"error":{"code":404,"message":"Unknown service account","status":"NOT_FOUND"}}
[debug] [2025-09-10T20:13:35.530Z] [functions] service account IAM check errored, deploy may fail: Request to https://iam.googleapis.com/v1/projects/razz6-92831/serviceAccounts/razz6-92831@appspot.gserviceaccount.com:testIamPermissions had HTTP Error: 404, Unknown service account {"name":"FirebaseError","children":[],"context":{"body":{"error":{"code":404,"message":"Unknown service account","status":"NOT_FOUND"}},"response":{"statusCode":404}},"exit":1,"message":"Request to https://iam.googleapis.com/v1/projects/razz6-92831/serviceAccounts/razz6-92831@appspot.gserviceaccount.com:testIamPermissions had HTTP Error: 404, Unknown service account","status":404}
[info] 
[info] === Deploying to 'razz6-92831'...
[info] 
[info] i  deploying functions 
[debug] [2025-09-10T20:13:35.536Z] Checked if tokens are valid: true, expires at: 1757538813927
[debug] [2025-09-10T20:13:35.536Z] Checked if tokens are valid: true, expires at: 1757538813927
[debug] [2025-09-10T20:13:35.536Z] >>> [apiv2][query] GET https://cloudresourcemanager.googleapis.com/v1/projects/razz6-92831 [none]
[debug] [2025-09-10T20:13:35.650Z] <<< [apiv2][status] GET https://cloudresourcemanager.googleapis.com/v1/projects/razz6-92831 200
[debug] [2025-09-10T20:13:35.650Z] <<< [apiv2][body] GET https://cloudresourcemanager.googleapis.com/v1/projects/razz6-92831 {"projectNumber":"90435524032","projectId":"razz6-92831","lifecycleState":"ACTIVE","name":"razz6","labels":{"firebase":"enabled","firebase-core":"disabled"},"createTime":"2025-05-12T13:59:29.538329Z","parent":{"type":"organization","id":"1129183310"}}
[info] i  functions: preparing codebase default for deployment 
[info] i  functions: ensuring required API cloudfunctions.googleapis.com is enabled... 
[info] i  functions: ensuring required API cloudbuild.googleapis.com is enabled... 
[info] i  artifactregistry: ensuring required API artifactregistry.googleapis.com is enabled... 
[debug] [2025-09-10T20:13:35.652Z] Checked if tokens are valid: true, expires at: 1757538813927
[debug] [2025-09-10T20:13:35.652Z] Checked if tokens are valid: true, expires at: 1757538813927
[debug] [2025-09-10T20:13:35.653Z] >>> [apiv2][query] GET https://firebase.googleapis.com/v1beta1/projects/razz6-92831/adminSdkConfig [none]
[debug] [2025-09-10T20:13:35.989Z] <<< [apiv2][status] GET https://firebase.googleapis.com/v1beta1/projects/razz6-92831/adminSdkConfig 200
[debug] [2025-09-10T20:13:35.989Z] <<< [apiv2][body] GET https://firebase.googleapis.com/v1beta1/projects/razz6-92831/adminSdkConfig {"projectId":"razz6-92831","storageBucket":"razz6-92831.firebasestorage.app"}
[debug] [2025-09-10T20:13:35.990Z] Checked if tokens are valid: true, expires at: 1757538813927
[debug] [2025-09-10T20:13:35.990Z] Checked if tokens are valid: true, expires at: 1757538813927
[debug] [2025-09-10T20:13:35.990Z] >>> [apiv2][query] GET https://runtimeconfig.googleapis.com/v1beta1/projects/razz6-92831/configs [none]
[debug] [2025-09-10T20:13:36.261Z] <<< [apiv2][status] GET https://runtimeconfig.googleapis.com/v1beta1/projects/razz6-92831/configs 200
[debug] [2025-09-10T20:13:36.261Z] <<< [apiv2][body] GET https://runtimeconfig.googleapis.com/v1beta1/projects/razz6-92831/configs {}
[debug] [2025-09-10T20:13:36.263Z] Validating nodejs source
[warn] ⚠  functions: package.json indicates an outdated version of firebase-functions. Please upgrade using npm install --save firebase-functions@latest in your functions directory. 
[warn] ⚠  functions: Please note that there will be breaking changes when you upgrade. 
[debug] [2025-09-10T20:13:36.659Z] > [functions] package.json contents: {
  "name": "functions",
  "description": "Cloud Functions for Firebase",
  "scripts": {
    "serve": "firebase emulators:start --only functions",
    "shell": "firebase functions:shell",
    "start": "npm run shell",
    "deploy": "firebase deploy --only functions",
    "logs": "firebase functions:log"
  },
  "engines": {
    "node": "20"
  },
  "main": "index.js",
  "dependencies": {
    "firebase-admin": "^12.5.0",
    "firebase-functions": "^5.1.1"
  },
  "devDependencies": {
    "firebase-functions-test": "^3.1.0"
  },
  "private": true,
  "type": "module"
}
[debug] [2025-09-10T20:13:36.659Z] Building nodejs source
[info] i  functions: Loading and analyzing source code for codebase default to determine what to deploy 
[debug] [2025-09-10T20:13:36.660Z] Could not find functions.yaml. Must use http discovery
[debug] [2025-09-10T20:13:36.665Z] Found firebase-functions binary at '/Users/rambodrad/showbat3/functions/node_modules/.bin/firebase-functions'
[info] Serving at port 8678

[debug] [2025-09-10T20:13:36.876Z] Got response from /__/functions.yaml {"endpoints":{"testFunction":{"availableMemoryMb":null,"timeoutSeconds":null,"minInstances":null,"maxInstances":null,"ingressSettings":null,"concurrency":null,"serviceAccountEmail":null,"vpc":null,"platform":"gcfv2","labels":{},"httpsTrigger":{},"entryPoint":"testFunction"}},"specVersion":"v1alpha1","requiredAPIs":[],"extensions":{}}
[info] i  extensions: ensuring required API firebaseextensions.googleapis.com is enabled... 
[debug] [2025-09-10T20:13:40.908Z] > command requires scopes: ["email","openid","https://www.googleapis.com/auth/cloudplatformprojects.readonly","https://www.googleapis.com/auth/firebase","https://www.googleapis.com/auth/cloud-platform"]
[debug] [2025-09-10T20:13:40.909Z] > authorizing via signed-in user (admin@razzberry.ai)
[debug] [2025-09-10T20:13:40.909Z] [iam] checking project razz6-92831 for permissions ["firebase.projects.get","firebaseextensions.instances.list"]
[debug] [2025-09-10T20:13:40.909Z] Checked if tokens are valid: true, expires at: 1757538813927
[debug] [2025-09-10T20:13:40.909Z] Checked if tokens are valid: true, expires at: 1757538813927
[debug] [2025-09-10T20:13:40.909Z] >>> [apiv2][query] POST https://cloudresourcemanager.googleapis.com/v1/projects/razz6-92831:testIamPermissions [none]
[debug] [2025-09-10T20:13:40.909Z] >>> [apiv2][(partial)header] POST https://cloudresourcemanager.googleapis.com/v1/projects/razz6-92831:testIamPermissions x-goog-quota-user=projects/razz6-92831
[debug] [2025-09-10T20:13:40.909Z] >>> [apiv2][body] POST https://cloudresourcemanager.googleapis.com/v1/projects/razz6-92831:testIamPermissions {"permissions":["firebase.projects.get","firebaseextensions.instances.list"]}
[debug] [2025-09-10T20:13:41.056Z] <<< [apiv2][status] POST https://cloudresourcemanager.googleapis.com/v1/projects/razz6-92831:testIamPermissions 200
[debug] [2025-09-10T20:13:41.056Z] <<< [apiv2][body] POST https://cloudresourcemanager.googleapis.com/v1/projects/razz6-92831:testIamPermissions {"permissions":["firebase.projects.get","firebaseextensions.instances.list"]}
[debug] [2025-09-10T20:13:41.058Z] Checked if tokens are valid: true, expires at: 1757538813927
[debug] [2025-09-10T20:13:41.058Z] Checked if tokens are valid: true, expires at: 1757538813927
[debug] [2025-09-10T20:13:41.059Z] >>> [apiv2][query] GET https://firebaseextensions.googleapis.com/v1beta/projects/razz6-92831/instances pageSize=100&pageToken=
[debug] [2025-09-10T20:13:41.472Z] <<< [apiv2][status] GET https://firebaseextensions.googleapis.com/v1beta/projects/razz6-92831/instances 200
[debug] [2025-09-10T20:13:41.473Z] <<< [apiv2][body] GET https://firebaseextensions.googleapis.com/v1beta/projects/razz6-92831/instances {}
[info] i  functions: preparing functions directory for uploading... 
[info] i  functions: packaged /Users/rambodrad/showbat3/functions (71.69 KB) for uploading 
[debug] [2025-09-10T20:13:41.519Z] Checked if tokens are valid: true, expires at: 1757538813927
[debug] [2025-09-10T20:13:41.519Z] Checked if tokens are valid: true, expires at: 1757538813927
[debug] [2025-09-10T20:13:41.519Z] >>> [apiv2][query] GET https://cloudfunctions.googleapis.com/v1/projects/razz6-92831/locations/-/functions [none]
[debug] [2025-09-10T20:13:42.096Z] <<< [apiv2][status] GET https://cloudfunctions.googleapis.com/v1/projects/razz6-92831/locations/-/functions 200
[debug] [2025-09-10T20:13:42.097Z] <<< [apiv2][body] GET https://cloudfunctions.googleapis.com/v1/projects/razz6-92831/locations/-/functions {}
[debug] [2025-09-10T20:13:42.098Z] Checked if tokens are valid: true, expires at: 1757538813927
[debug] [2025-09-10T20:13:42.098Z] Checked if tokens are valid: true, expires at: 1757538813927
[debug] [2025-09-10T20:13:42.098Z] >>> [apiv2][query] GET https://cloudfunctions.googleapis.com/v2/projects/razz6-92831/locations/-/functions filter=environment%3D%22GEN_2%22
[debug] [2025-09-10T20:13:42.522Z] <<< [apiv2][status] GET https://cloudfunctions.googleapis.com/v2/projects/razz6-92831/locations/-/functions 200
[debug] [2025-09-10T20:13:42.523Z] <<< [apiv2][body] GET https://cloudfunctions.googleapis.com/v2/projects/razz6-92831/locations/-/functions {"functions":[{"name":"projects/razz6-92831/locations/us-central1/functions/transcodeArtistIntroV2","buildConfig":{"build":"projects/90435524032/locations/us-central1/builds/60d34b4f-ee29-4210-a996-a5a41876c00c","runtime":"nodejs20","entryPoint":"transcodeArtistIntroV2","source":{"storageSource":{"bucket":"gcf-v2-sources-90435524032-us-central1","object":"transcodeArtistIntroV2/function-source.zip","generation":"1757437242036356"}},"environmentVariables":{"GOOGLE_NODE_RUN_SCRIPTS":""},"dockerRepository":"projects/razz6-92831/locations/us-central1/repositories/gcf-artifacts","sourceProvenance":{"resolvedStorageSource":{"bucket":"gcf-v2-sources-90435524032-us-central1","object":"transcodeArtistIntroV2/function-source.zip","generation":"1757437242036356"}},"dockerRegistry":"ARTIFACT_REGISTRY","serviceAccount":"projects/razz6-92831/serviceAccounts/90435524032-compute@developer.gserviceaccount.com","automaticUpdatePolicy":{}},"state":"FAILED","updateTime":"2025-09-09T17:01:01.454628828Z","labels":{"firebase-functions-hash":"4258d21cb4dd62e00c17930115b7d9ca8d6093c8","deployment-tool":"cli-firebase"},"stateMessages":[{"severity":"ERROR","type":"CloudRunServiceNotFound","message":"Cloud Run service projects/razz6-92831/locations/us-central1/services/transcodeartistintrov2 for the function was not found. The function will not work correctly. Please redeploy."},{"severity":"ERROR","type":"EventarcTriggerNotFound","message":"Eventarc trigger projects/razz6-92831/locations/us-central1/triggers/transcodeartistintrov2-389917 for the function was not found. The function may not work correctly. Please redeploy."}],"environment":"GEN_2","url":"https://us-central1-razz6-92831.cloudfunctions.net/transcodeArtistIntroV2","createTime":"2025-09-09T17:00:42.903599476Z","satisfiesPzi":true},{"name":"projects/razz6-92831/locations/us-central1/functions/createTransakSession","buildConfig":{"build":"projects/90435524032/locations/us-central1/builds/5c9564db-a662-496e-a242-961ebd90ef1f","runtime":"nodejs20","entryPoint":"createTransakSession","source":{"storageSource":{"bucket":"gcf-v2-sources-90435524032-us-central1","object":"createTransakSession/function-source.zip","generation":"1757434559720452"}},"environmentVariables":{"GOOGLE_NODE_RUN_SCRIPTS":""},"dockerRepository":"projects/razz6-92831/locations/us-central1/repositories/gcf-artifacts","sourceProvenance":{"resolvedStorageSource":{"bucket":"gcf-v2-sources-90435524032-us-central1","object":"createTransakSession/function-source.zip","generation":"1757434559720452"}},"dockerRegistry":"ARTIFACT_REGISTRY","serviceAccount":"projects/razz6-92831/serviceAccounts/90435524032-compute@developer.gserviceaccount.com","automaticUpdatePolicy":{}},"state":"UNKNOWN","updateTime":"2025-09-10T14:05:28.458379178Z","labels":{"firebase-functions-hash":"1ecbba6a9f54bfc4472943845a8ef26e9c212dd6","deployment-tool":"cli-firebase"},"stateMessages":[{"severity":"ERROR","type":"CloudRunServiceNotFound","message":"Cloud Run service projects/razz6-92831/locations/us-central1/services/createtransaksession for the function was not found. The function will not work correctly. Please redeploy."}],"environment":"GEN_2","url":"https://us-central1-razz6-92831.cloudfunctions.net/createTransakSession","createTime":"2025-09-09T16:16:00.064400411Z","satisfiesPzi":true},{"name":"projects/razz6-92831/locations/us-central1/functions/testFunction","buildConfig":{"build":"projects/90435524032/locations/us-central1/builds/59068b77-8a99-407a-91ac-339c4496cfaf","runtime":"nodejs20","entryPoint":"testFunction","source":{"storageSource":{"bucket":"gcf-v2-sources-90435524032-us-central1","object":"testFunction/function-source.zip","generation":"1757519715514318"}},"environmentVariables":{"GOOGLE_NODE_RUN_SCRIPTS":""},"dockerRepository":"projects/razz6-92831/locations/us-central1/repositories/gcf-artifacts","sourceProvenance":{"resolvedStorageSource":{"bucket":"gcf-v2-sources-90435524032-us-central1","object":"testFunction/function-source.zip","generation":"1757519715514318"}},"dockerRegistry":"ARTIFACT_REGISTRY","serviceAccount":"projects/razz6-92831/serviceAccounts/90435524032-compute@developer.gserviceaccount.com","automaticUpdatePolicy":{}},"state":"UNKNOWN","updateTime":"2025-09-10T18:04:24.560905799Z","labels":{"firebase-functions-hash":"5e4284e53cea56331d7f6ee5247914352df479ad","deployment-tool":"cli-firebase"},"stateMessages":[{"severity":"ERROR","type":"CloudRunServiceNotFound","message":"Cloud Run service projects/razz6-92831/locations/us-central1/services/testfunction for the function was not found. The function will not work correctly. Please redeploy."}],"environment":"GEN_2","url":"https://us-central1-razz6-92831.cloudfunctions.net/testFunction","createTime":"2025-09-10T15:55:15.811706600Z","satisfiesPzi":true},{"name":"projects/razz6-92831/locations/us-central1/functions/helloWorld","buildConfig":{"build":"projects/90435524032/locations/us-central1/builds/0a1e77bc-f485-456f-af14-9b5bf52d28c3","runtime":"nodejs20","entryPoint":"helloWorld","source":{"storageSource":{"bucket":"gcf-v2-sources-90435524032-us-central1","object":"helloWorld/function-source.zip","generation":"1757513263963358"}},"environmentVariables":{"GOOGLE_NODE_RUN_SCRIPTS":""},"dockerRepository":"projects/razz6-92831/locations/us-central1/repositories/gcf-artifacts","sourceProvenance":{"resolvedStorageSource":{"bucket":"gcf-v2-sources-90435524032-us-central1","object":"helloWorld/function-source.zip","generation":"1757513263963358"}},"dockerRegistry":"ARTIFACT_REGISTRY","serviceAccount":"projects/razz6-92831/serviceAccounts/90435524032-compute@developer.gserviceaccount.com","automaticUpdatePolicy":{}},"state":"FAILED","updateTime":"2025-09-10T14:08:05.558937248Z","labels":{"deployment-tool":"cli-firebase","firebase-functions-hash":"e73f7e1a89b2e4a039b4fcbf873e970d706d9120"},"stateMessages":[{"severity":"ERROR","type":"CloudRunServiceNotFound","message":"Cloud Run service projects/razz6-92831/locations/us-central1/services/helloworld for the function was not found. The function will not work correctly. Please redeploy."}],"environment":"GEN_2","url":"https://us-central1-razz6-92831.cloudfunctions.net/helloWorld","createTime":"2025-09-10T14:07:44.216038263Z","satisfiesPzi":true}]}
[info] i  functions: ensuring required API run.googleapis.com is enabled... 
[info] i  functions: ensuring required API eventarc.googleapis.com is enabled... 
[info] i  functions: ensuring required API pubsub.googleapis.com is enabled... 
[info] i  functions: ensuring required API storage.googleapis.com is enabled... 
[info] i  functions: generating the service identity for pubsub.googleapis.com... 
[debug] [2025-09-10T20:13:42.529Z] Checked if tokens are valid: true, expires at: 1757538813927
[debug] [2025-09-10T20:13:42.529Z] Checked if tokens are valid: true, expires at: 1757538813927
[info] i  functions: generating the service identity for eventarc.googleapis.com... 
[debug] [2025-09-10T20:13:42.530Z] Checked if tokens are valid: true, expires at: 1757538813927
[debug] [2025-09-10T20:13:42.530Z] Checked if tokens are valid: true, expires at: 1757538813927
[debug] [2025-09-10T20:13:42.530Z] >>> [apiv2][query] POST https://serviceusage.googleapis.com/v1beta1/projects/90435524032/services/pubsub.googleapis.com:generateServiceIdentity [none]
[debug] [2025-09-10T20:13:42.530Z] >>> [apiv2][(partial)header] POST https://serviceusage.googleapis.com/v1beta1/projects/90435524032/services/pubsub.googleapis.com:generateServiceIdentity x-goog-quota-user=projects/90435524032
[debug] [2025-09-10T20:13:42.530Z] >>> [apiv2][body] POST https://serviceusage.googleapis.com/v1beta1/projects/90435524032/services/pubsub.googleapis.com:generateServiceIdentity {}
[debug] [2025-09-10T20:13:42.532Z] >>> [apiv2][query] POST https://serviceusage.googleapis.com/v1beta1/projects/90435524032/services/eventarc.googleapis.com:generateServiceIdentity [none]
[debug] [2025-09-10T20:13:42.532Z] >>> [apiv2][(partial)header] POST https://serviceusage.googleapis.com/v1beta1/projects/90435524032/services/eventarc.googleapis.com:generateServiceIdentity x-goog-quota-user=projects/90435524032
[debug] [2025-09-10T20:13:42.532Z] >>> [apiv2][body] POST https://serviceusage.googleapis.com/v1beta1/projects/90435524032/services/eventarc.googleapis.com:generateServiceIdentity {}
[debug] [2025-09-10T20:13:43.116Z] <<< [apiv2][status] POST https://serviceusage.googleapis.com/v1beta1/projects/90435524032/services/pubsub.googleapis.com:generateServiceIdentity 200
[debug] [2025-09-10T20:13:43.116Z] <<< [apiv2][body] POST https://serviceusage.googleapis.com/v1beta1/projects/90435524032/services/pubsub.googleapis.com:generateServiceIdentity {"name":"operations/finished.DONE_OPERATION","done":true,"response":{"@type":"type.googleapis.com/google.api.serviceusage.v1beta1.ServiceIdentity","email":"service-90435524032@gcp-sa-pubsub.iam.gserviceaccount.com","uniqueId":"102892043980089819054"}}
[debug] [2025-09-10T20:13:43.252Z] <<< [apiv2][status] POST https://serviceusage.googleapis.com/v1beta1/projects/90435524032/services/eventarc.googleapis.com:generateServiceIdentity 200
[debug] [2025-09-10T20:13:43.253Z] <<< [apiv2][body] POST https://serviceusage.googleapis.com/v1beta1/projects/90435524032/services/eventarc.googleapis.com:generateServiceIdentity {"name":"operations/finished.DONE_OPERATION","done":true,"response":{"@type":"type.googleapis.com/google.api.serviceusage.v1beta1.ServiceIdentity","email":"service-90435524032@gcp-sa-eventarc.iam.gserviceaccount.com","uniqueId":"104272995973583466137"}}
[debug] [2025-09-10T20:13:43.258Z] Checked if tokens are valid: true, expires at: 1757538813927
[debug] [2025-09-10T20:13:43.258Z] Checked if tokens are valid: true, expires at: 1757538813927
[debug] [2025-09-10T20:13:43.258Z] >>> [apiv2][query] GET https://cloudresourcemanager.googleapis.com/v1/projects/razz6-92831 [none]
[debug] [2025-09-10T20:13:43.374Z] <<< [apiv2][status] GET https://cloudresourcemanager.googleapis.com/v1/projects/razz6-92831 200
[debug] [2025-09-10T20:13:43.375Z] <<< [apiv2][body] GET https://cloudresourcemanager.googleapis.com/v1/projects/razz6-92831 {"projectNumber":"90435524032","projectId":"razz6-92831","lifecycleState":"ACTIVE","name":"razz6","labels":{"firebase":"enabled","firebase-core":"disabled"},"createTime":"2025-05-12T13:59:29.538329Z","parent":{"type":"organization","id":"1129183310"}}
[debug] [2025-09-10T20:13:43.375Z] Checked if tokens are valid: true, expires at: 1757538813927
[debug] [2025-09-10T20:13:43.375Z] Checked if tokens are valid: true, expires at: 1757538813927
[debug] [2025-09-10T20:13:43.376Z] >>> [apiv2][query] GET https://compute.googleapis.com/compute/v1/projects/90435524032 [none]
[debug] [2025-09-10T20:13:43.599Z] <<< [apiv2][status] GET https://compute.googleapis.com/compute/v1/projects/90435524032 403
[debug] [2025-09-10T20:13:43.600Z] <<< [apiv2][body] GET https://compute.googleapis.com/compute/v1/projects/90435524032 {"error":{"code":403,"message":"Compute Engine API has not been used in project 90435524032 before or it is disabled. Enable it by visiting https://console.developers.google.com/apis/api/compute.googleapis.com/overview?project=90435524032 then retry. If you enabled this API recently, wait a few minutes for the action to propagate to our systems and retry.","errors":[{"message":"Compute Engine API has not been used in project 90435524032 before or it is disabled. Enable it by visiting https://console.developers.google.com/apis/api/compute.googleapis.com/overview?project=90435524032 then retry. If you enabled this API recently, wait a few minutes for the action to propagate to our systems and retry.","domain":"usageLimits","reason":"accessNotConfigured","extendedHelp":"https://console.developers.google.com"}],"status":"PERMISSION_DENIED","details":[{"@type":"type.googleapis.com/google.rpc.ErrorInfo","reason":"SERVICE_DISABLED","domain":"googleapis.com","metadata":{"containerInfo":"90435524032","service":"compute.googleapis.com","consumer":"projects/90435524032","activationUrl":"https://console.developers.google.com/apis/api/compute.googleapis.com/overview?project=90435524032","serviceTitle":"Compute Engine API"}},{"@type":"type.googleapis.com/google.rpc.LocalizedMessage","locale":"en-US","message":"Compute Engine API has not been used in project 90435524032 before or it is disabled. Enable it by visiting https://console.developers.google.com/apis/api/compute.googleapis.com/overview?project=90435524032 then retry. If you enabled this API recently, wait a few minutes for the action to propagate to our systems and retry."},{"@type":"type.googleapis.com/google.rpc.Help","links":[{"description":"Google developers console API activation","url":"https://console.developers.google.com/apis/api/compute.googleapis.com/overview?project=90435524032"}]}]}}
[debug] [2025-09-10T20:13:43.600Z] unable to look up default compute service account. Falling back to 90435524032-compute@developer.gserviceaccount.com. Error: {"name":"FirebaseError","children":[],"context":{"body":{"error":{"code":403,"message":"Compute Engine API has not been used in project 90435524032 before or it is disabled. Enable it by visiting https://console.developers.google.com/apis/api/compute.googleapis.com/overview?project=90435524032 then retry. If you enabled this API recently, wait a few minutes for the action to propagate to our systems and retry.","errors":[{"message":"Compute Engine API has not been used in project 90435524032 before or it is disabled. Enable it by visiting https://console.developers.google.com/apis/api/compute.googleapis.com/overview?project=90435524032 then retry. If you enabled this API recently, wait a few minutes for the action to propagate to our systems and retry.","domain":"usageLimits","reason":"accessNotConfigured","extendedHelp":"https://console.developers.google.com"}],"status":"PERMISSION_DENIED","details":[{"@type":"type.googleapis.com/google.rpc.ErrorInfo","reason":"SERVICE_DISABLED","domain":"googleapis.com","metadata":{"containerInfo":"90435524032","service":"compute.googleapis.com","consumer":"projects/90435524032","activationUrl":"https://console.developers.google.com/apis/api/compute.googleapis.com/overview?project=90435524032","serviceTitle":"Compute Engine API"}},{"@type":"type.googleapis.com/google.rpc.LocalizedMessage","locale":"en-US","message":"Compute Engine API has not been used in project 90435524032 before or it is disabled. Enable it by visiting https://console.developers.google.com/apis/api/compute.googleapis.com/overview?project=90435524032 then retry. If you enabled this API recently, wait a few minutes for the action to propagate to our systems and retry."},{"@type":"type.googleapis.com/google.rpc.Help","links":[{"description":"Google developers console API activation","url":"https://console.developers.google.com/apis/api/compute.googleapis.com/overview?project=90435524032"}]}]}},"response":{"statusCode":403}},"exit":1,"message":"Request to https://compute.googleapis.com/compute/v1/projects/90435524032 had HTTP Error: 403, Compute Engine API has not been used in project 90435524032 before or it is disabled. Enable it by visiting https://console.developers.google.com/apis/api/compute.googleapis.com/overview?project=90435524032 then retry. If you enabled this API recently, wait a few minutes for the action to propagate to our systems and retry.","status":403}
[debug] [2025-09-10T20:13:43.600Z] Checked if tokens are valid: true, expires at: 1757538813927
[debug] [2025-09-10T20:13:43.600Z] Checked if tokens are valid: true, expires at: 1757538813927
[debug] [2025-09-10T20:13:43.600Z] >>> [apiv2][query] GET https://compute.googleapis.com/compute/v1/projects/90435524032 [none]
[debug] [2025-09-10T20:13:43.703Z] <<< [apiv2][status] GET https://compute.googleapis.com/compute/v1/projects/90435524032 403
[debug] [2025-09-10T20:13:43.703Z] <<< [apiv2][body] GET https://compute.googleapis.com/compute/v1/projects/90435524032 {"error":{"code":403,"message":"Compute Engine API has not been used in project 90435524032 before or it is disabled. Enable it by visiting https://console.developers.google.com/apis/api/compute.googleapis.com/overview?project=90435524032 then retry. If you enabled this API recently, wait a few minutes for the action to propagate to our systems and retry.","errors":[{"message":"Compute Engine API has not been used in project 90435524032 before or it is disabled. Enable it by visiting https://console.developers.google.com/apis/api/compute.googleapis.com/overview?project=90435524032 then retry. If you enabled this API recently, wait a few minutes for the action to propagate to our systems and retry.","domain":"usageLimits","reason":"accessNotConfigured","extendedHelp":"https://console.developers.google.com"}],"status":"PERMISSION_DENIED","details":[{"@type":"type.googleapis.com/google.rpc.ErrorInfo","reason":"SERVICE_DISABLED","domain":"googleapis.com","metadata":{"consumer":"projects/90435524032","containerInfo":"90435524032","activationUrl":"https://console.developers.google.com/apis/api/compute.googleapis.com/overview?project=90435524032","service":"compute.googleapis.com","serviceTitle":"Compute Engine API"}},{"@type":"type.googleapis.com/google.rpc.LocalizedMessage","locale":"en-US","message":"Compute Engine API has not been used in project 90435524032 before or it is disabled. Enable it by visiting https://console.developers.google.com/apis/api/compute.googleapis.com/overview?project=90435524032 then retry. If you enabled this API recently, wait a few minutes for the action to propagate to our systems and retry."},{"@type":"type.googleapis.com/google.rpc.Help","links":[{"description":"Google developers console API activation","url":"https://console.developers.google.com/apis/api/compute.googleapis.com/overview?project=90435524032"}]}]}}
[debug] [2025-09-10T20:13:43.703Z] unable to look up default compute service account. Falling back to 90435524032-compute@developer.gserviceaccount.com. Error: {"name":"FirebaseError","children":[],"context":{"body":{"error":{"code":403,"message":"Compute Engine API has not been used in project 90435524032 before or it is disabled. Enable it by visiting https://console.developers.google.com/apis/api/compute.googleapis.com/overview?project=90435524032 then retry. If you enabled this API recently, wait a few minutes for the action to propagate to our systems and retry.","errors":[{"message":"Compute Engine API has not been used in project 90435524032 before or it is disabled. Enable it by visiting https://console.developers.google.com/apis/api/compute.googleapis.com/overview?project=90435524032 then retry. If you enabled this API recently, wait a few minutes for the action to propagate to our systems and retry.","domain":"usageLimits","reason":"accessNotConfigured","extendedHelp":"https://console.developers.google.com"}],"status":"PERMISSION_DENIED","details":[{"@type":"type.googleapis.com/google.rpc.ErrorInfo","reason":"SERVICE_DISABLED","domain":"googleapis.com","metadata":{"consumer":"projects/90435524032","containerInfo":"90435524032","activationUrl":"https://console.developers.google.com/apis/api/compute.googleapis.com/overview?project=90435524032","service":"compute.googleapis.com","serviceTitle":"Compute Engine API"}},{"@type":"type.googleapis.com/google.rpc.LocalizedMessage","locale":"en-US","message":"Compute Engine API has not been used in project 90435524032 before or it is disabled. Enable it by visiting https://console.developers.google.com/apis/api/compute.googleapis.com/overview?project=90435524032 then retry. If you enabled this API recently, wait a few minutes for the action to propagate to our systems and retry."},{"@type":"type.googleapis.com/google.rpc.Help","links":[{"description":"Google developers console API activation","url":"https://console.developers.google.com/apis/api/compute.googleapis.com/overview?project=90435524032"}]}]}},"response":{"statusCode":403}},"exit":1,"message":"Request to https://compute.googleapis.com/compute/v1/projects/90435524032 had HTTP Error: 403, Compute Engine API has not been used in project 90435524032 before or it is disabled. Enable it by visiting https://console.developers.google.com/apis/api/compute.googleapis.com/overview?project=90435524032 then retry. If you enabled this API recently, wait a few minutes for the action to propagate to our systems and retry.","status":403}
[debug] [2025-09-10T20:13:43.704Z] Checked if tokens are valid: true, expires at: 1757538813927
[debug] [2025-09-10T20:13:43.704Z] Checked if tokens are valid: true, expires at: 1757538813927
[debug] [2025-09-10T20:13:43.704Z] >>> [apiv2][query] GET https://compute.googleapis.com/compute/v1/projects/90435524032 [none]
[debug] [2025-09-10T20:13:43.809Z] <<< [apiv2][status] GET https://compute.googleapis.com/compute/v1/projects/90435524032 403
[debug] [2025-09-10T20:13:43.810Z] <<< [apiv2][body] GET https://compute.googleapis.com/compute/v1/projects/90435524032 {"error":{"code":403,"message":"Compute Engine API has not been used in project 90435524032 before or it is disabled. Enable it by visiting https://console.developers.google.com/apis/api/compute.googleapis.com/overview?project=90435524032 then retry. If you enabled this API recently, wait a few minutes for the action to propagate to our systems and retry.","errors":[{"message":"Compute Engine API has not been used in project 90435524032 before or it is disabled. Enable it by visiting https://console.developers.google.com/apis/api/compute.googleapis.com/overview?project=90435524032 then retry. If you enabled this API recently, wait a few minutes for the action to propagate to our systems and retry.","domain":"usageLimits","reason":"accessNotConfigured","extendedHelp":"https://console.developers.google.com"}],"status":"PERMISSION_DENIED","details":[{"@type":"type.googleapis.com/google.rpc.ErrorInfo","reason":"SERVICE_DISABLED","domain":"googleapis.com","metadata":{"consumer":"projects/90435524032","serviceTitle":"Compute Engine API","activationUrl":"https://console.developers.google.com/apis/api/compute.googleapis.com/overview?project=90435524032","service":"compute.googleapis.com","containerInfo":"90435524032"}},{"@type":"type.googleapis.com/google.rpc.LocalizedMessage","locale":"en-US","message":"Compute Engine API has not been used in project 90435524032 before or it is disabled. Enable it by visiting https://console.developers.google.com/apis/api/compute.googleapis.com/overview?project=90435524032 then retry. If you enabled this API recently, wait a few minutes for the action to propagate to our systems and retry."},{"@type":"type.googleapis.com/google.rpc.Help","links":[{"description":"Google developers console API activation","url":"https://console.developers.google.com/apis/api/compute.googleapis.com/overview?project=90435524032"}]}]}}
[debug] [2025-09-10T20:13:43.810Z] unable to look up default compute service account. Falling back to 90435524032-compute@developer.gserviceaccount.com. Error: {"name":"FirebaseError","children":[],"context":{"body":{"error":{"code":403,"message":"Compute Engine API has not been used in project 90435524032 before or it is disabled. Enable it by visiting https://console.developers.google.com/apis/api/compute.googleapis.com/overview?project=90435524032 then retry. If you enabled this API recently, wait a few minutes for the action to propagate to our systems and retry.","errors":[{"message":"Compute Engine API has not been used in project 90435524032 before or it is disabled. Enable it by visiting https://console.developers.google.com/apis/api/compute.googleapis.com/overview?project=90435524032 then retry. If you enabled this API recently, wait a few minutes for the action to propagate to our systems and retry.","domain":"usageLimits","reason":"accessNotConfigured","extendedHelp":"https://console.developers.google.com"}],"status":"PERMISSION_DENIED","details":[{"@type":"type.googleapis.com/google.rpc.ErrorInfo","reason":"SERVICE_DISABLED","domain":"googleapis.com","metadata":{"consumer":"projects/90435524032","serviceTitle":"Compute Engine API","activationUrl":"https://console.developers.google.com/apis/api/compute.googleapis.com/overview?project=90435524032","service":"compute.googleapis.com","containerInfo":"90435524032"}},{"@type":"type.googleapis.com/google.rpc.LocalizedMessage","locale":"en-US","message":"Compute Engine API has not been used in project 90435524032 before or it is disabled. Enable it by visiting https://console.developers.google.com/apis/api/compute.googleapis.com/overview?project=90435524032 then retry. If you enabled this API recently, wait a few minutes for the action to propagate to our systems and retry."},{"@type":"type.googleapis.com/google.rpc.Help","links":[{"description":"Google developers console API activation","url":"https://console.developers.google.com/apis/api/compute.googleapis.com/overview?project=90435524032"}]}]}},"response":{"statusCode":403}},"exit":1,"message":"Request to https://compute.googleapis.com/compute/v1/projects/90435524032 had HTTP Error: 403, Compute Engine API has not been used in project 90435524032 before or it is disabled. Enable it by visiting https://console.developers.google.com/apis/api/compute.googleapis.com/overview?project=90435524032 then retry. If you enabled this API recently, wait a few minutes for the action to propagate to our systems and retry.","status":403}
[debug] [2025-09-10T20:13:43.810Z] Checked if tokens are valid: true, expires at: 1757538813927
[debug] [2025-09-10T20:13:43.810Z] Checked if tokens are valid: true, expires at: 1757538813927
[debug] [2025-09-10T20:13:43.810Z] >>> [apiv2][query] GET https://compute.googleapis.com/compute/v1/projects/90435524032 [none]
[debug] [2025-09-10T20:13:43.912Z] <<< [apiv2][status] GET https://compute.googleapis.com/compute/v1/projects/90435524032 403
[debug] [2025-09-10T20:13:43.913Z] <<< [apiv2][body] GET https://compute.googleapis.com/compute/v1/projects/90435524032 {"error":{"code":403,"message":"Compute Engine API has not been used in project 90435524032 before or it is disabled. Enable it by visiting https://console.developers.google.com/apis/api/compute.googleapis.com/overview?project=90435524032 then retry. If you enabled this API recently, wait a few minutes for the action to propagate to our systems and retry.","errors":[{"message":"Compute Engine API has not been used in project 90435524032 before or it is disabled. Enable it by visiting https://console.developers.google.com/apis/api/compute.googleapis.com/overview?project=90435524032 then retry. If you enabled this API recently, wait a few minutes for the action to propagate to our systems and retry.","domain":"usageLimits","reason":"accessNotConfigured","extendedHelp":"https://console.developers.google.com"}],"status":"PERMISSION_DENIED","details":[{"@type":"type.googleapis.com/google.rpc.ErrorInfo","reason":"SERVICE_DISABLED","domain":"googleapis.com","metadata":{"containerInfo":"90435524032","serviceTitle":"Compute Engine API","service":"compute.googleapis.com","activationUrl":"https://console.developers.google.com/apis/api/compute.googleapis.com/overview?project=90435524032","consumer":"projects/90435524032"}},{"@type":"type.googleapis.com/google.rpc.LocalizedMessage","locale":"en-US","message":"Compute Engine API has not been used in project 90435524032 before or it is disabled. Enable it by visiting https://console.developers.google.com/apis/api/compute.googleapis.com/overview?project=90435524032 then retry. If you enabled this API recently, wait a few minutes for the action to propagate to our systems and retry."},{"@type":"type.googleapis.com/google.rpc.Help","links":[{"description":"Google developers console API activation","url":"https://console.developers.google.com/apis/api/compute.googleapis.com/overview?project=90435524032"}]}]}}
[debug] [2025-09-10T20:13:43.913Z] unable to look up default compute service account. Falling back to 90435524032-compute@developer.gserviceaccount.com. Error: {"name":"FirebaseError","children":[],"context":{"body":{"error":{"code":403,"message":"Compute Engine API has not been used in project 90435524032 before or it is disabled. Enable it by visiting https://console.developers.google.com/apis/api/compute.googleapis.com/overview?project=90435524032 then retry. If you enabled this API recently, wait a few minutes for the action to propagate to our systems and retry.","errors":[{"message":"Compute Engine API has not been used in project 90435524032 before or it is disabled. Enable it by visiting https://console.developers.google.com/apis/api/compute.googleapis.com/overview?project=90435524032 then retry. If you enabled this API recently, wait a few minutes for the action to propagate to our systems and retry.","domain":"usageLimits","reason":"accessNotConfigured","extendedHelp":"https://console.developers.google.com"}],"status":"PERMISSION_DENIED","details":[{"@type":"type.googleapis.com/google.rpc.ErrorInfo","reason":"SERVICE_DISABLED","domain":"googleapis.com","metadata":{"containerInfo":"90435524032","serviceTitle":"Compute Engine API","service":"compute.googleapis.com","activationUrl":"https://console.developers.google.com/apis/api/compute.googleapis.com/overview?project=90435524032","consumer":"projects/90435524032"}},{"@type":"type.googleapis.com/google.rpc.LocalizedMessage","locale":"en-US","message":"Compute Engine API has not been used in project 90435524032 before or it is disabled. Enable it by visiting https://console.developers.google.com/apis/api/compute.googleapis.com/overview?project=90435524032 then retry. If you enabled this API recently, wait a few minutes for the action to propagate to our systems and retry."},{"@type":"type.googleapis.com/google.rpc.Help","links":[{"description":"Google developers console API activation","url":"https://console.developers.google.com/apis/api/compute.googleapis.com/overview?project=90435524032"}]}]}},"response":{"statusCode":403}},"exit":1,"message":"Request to https://compute.googleapis.com/compute/v1/projects/90435524032 had HTTP Error: 403, Compute Engine API has not been used in project 90435524032 before or it is disabled. Enable it by visiting https://console.developers.google.com/apis/api/compute.googleapis.com/overview?project=90435524032 then retry. If you enabled this API recently, wait a few minutes for the action to propagate to our systems and retry.","status":403}
[debug] [2025-09-10T20:13:43.914Z] Checked if tokens are valid: true, expires at: 1757538813927
[debug] [2025-09-10T20:13:43.914Z] Checked if tokens are valid: true, expires at: 1757538813927
[debug] [2025-09-10T20:13:43.914Z] >>> [apiv2][query] GET https://compute.googleapis.com/compute/v1/projects/90435524032 [none]
[debug] [2025-09-10T20:13:44.005Z] <<< [apiv2][status] GET https://compute.googleapis.com/compute/v1/projects/90435524032 403
[debug] [2025-09-10T20:13:44.006Z] <<< [apiv2][body] GET https://compute.googleapis.com/compute/v1/projects/90435524032 {"error":{"code":403,"message":"Compute Engine API has not been used in project 90435524032 before or it is disabled. Enable it by visiting https://console.developers.google.com/apis/api/compute.googleapis.com/overview?project=90435524032 then retry. If you enabled this API recently, wait a few minutes for the action to propagate to our systems and retry.","errors":[{"message":"Compute Engine API has not been used in project 90435524032 before or it is disabled. Enable it by visiting https://console.developers.google.com/apis/api/compute.googleapis.com/overview?project=90435524032 then retry. If you enabled this API recently, wait a few minutes for the action to propagate to our systems and retry.","domain":"usageLimits","reason":"accessNotConfigured","extendedHelp":"https://console.developers.google.com"}],"status":"PERMISSION_DENIED","details":[{"@type":"type.googleapis.com/google.rpc.ErrorInfo","reason":"SERVICE_DISABLED","domain":"googleapis.com","metadata":{"serviceTitle":"Compute Engine API","containerInfo":"90435524032","service":"compute.googleapis.com","activationUrl":"https://console.developers.google.com/apis/api/compute.googleapis.com/overview?project=90435524032","consumer":"projects/90435524032"}},{"@type":"type.googleapis.com/google.rpc.LocalizedMessage","locale":"en-US","message":"Compute Engine API has not been used in project 90435524032 before or it is disabled. Enable it by visiting https://console.developers.google.com/apis/api/compute.googleapis.com/overview?project=90435524032 then retry. If you enabled this API recently, wait a few minutes for the action to propagate to our systems and retry."},{"@type":"type.googleapis.com/google.rpc.Help","links":[{"description":"Google developers console API activation","url":"https://console.developers.google.com/apis/api/compute.googleapis.com/overview?project=90435524032"}]}]}}
[debug] [2025-09-10T20:13:44.006Z] unable to look up default compute service account. Falling back to 90435524032-compute@developer.gserviceaccount.com. Error: {"name":"FirebaseError","children":[],"context":{"body":{"error":{"code":403,"message":"Compute Engine API has not been used in project 90435524032 before or it is disabled. Enable it by visiting https://console.developers.google.com/apis/api/compute.googleapis.com/overview?project=90435524032 then retry. If you enabled this API recently, wait a few minutes for the action to propagate to our systems and retry.","errors":[{"message":"Compute Engine API has not been used in project 90435524032 before or it is disabled. Enable it by visiting https://console.developers.google.com/apis/api/compute.googleapis.com/overview?project=90435524032 then retry. If you enabled this API recently, wait a few minutes for the action to propagate to our systems and retry.","domain":"usageLimits","reason":"accessNotConfigured","extendedHelp":"https://console.developers.google.com"}],"status":"PERMISSION_DENIED","details":[{"@type":"type.googleapis.com/google.rpc.ErrorInfo","reason":"SERVICE_DISABLED","domain":"googleapis.com","metadata":{"serviceTitle":"Compute Engine API","containerInfo":"90435524032","service":"compute.googleapis.com","activationUrl":"https://console.developers.google.com/apis/api/compute.googleapis.com/overview?project=90435524032","consumer":"projects/90435524032"}},{"@type":"type.googleapis.com/google.rpc.LocalizedMessage","locale":"en-US","message":"Compute Engine API has not been used in project 90435524032 before or it is disabled. Enable it by visiting https://console.developers.google.com/apis/api/compute.googleapis.com/overview?project=90435524032 then retry. If you enabled this API recently, wait a few minutes for the action to propagate to our systems and retry."},{"@type":"type.googleapis.com/google.rpc.Help","links":[{"description":"Google developers console API activation","url":"https://console.developers.google.com/apis/api/compute.googleapis.com/overview?project=90435524032"}]}]}},"response":{"statusCode":403}},"exit":1,"message":"Request to https://compute.googleapis.com/compute/v1/projects/90435524032 had HTTP Error: 403, Compute Engine API has not been used in project 90435524032 before or it is disabled. Enable it by visiting https://console.developers.google.com/apis/api/compute.googleapis.com/overview?project=90435524032 then retry. If you enabled this API recently, wait a few minutes for the action to propagate to our systems and retry.","status":403}
[debug] [2025-09-10T20:13:44.008Z] Checked if tokens are valid: true, expires at: 1757538813927
[debug] [2025-09-10T20:13:44.008Z] Checked if tokens are valid: true, expires at: 1757538813927
[debug] [2025-09-10T20:13:44.008Z] >>> [apiv2][query] GET https://cloudbilling.googleapis.com/v1/projects/razz6-92831/billingInfo [none]
[debug] [2025-09-10T20:13:44.242Z] <<< [apiv2][status] GET https://cloudbilling.googleapis.com/v1/projects/razz6-92831/billingInfo 200
[debug] [2025-09-10T20:13:44.242Z] <<< [apiv2][body] GET https://cloudbilling.googleapis.com/v1/projects/razz6-92831/billingInfo {"name":"projects/razz6-92831/billingInfo","projectId":"razz6-92831","billingAccountName":"billingAccounts/01293A-3AA3C1-557855","billingEnabled":true}
[debug] [2025-09-10T20:13:44.243Z] Checked if tokens are valid: true, expires at: 1757538813927
[debug] [2025-09-10T20:13:44.243Z] Checked if tokens are valid: true, expires at: 1757538813927
[debug] [2025-09-10T20:13:44.243Z] >>> [apiv2][query] POST https://cloudfunctions.googleapis.com/v2/projects/razz6-92831/locations/us-central1/functions:generateUploadUrl [none]
[debug] [2025-09-10T20:13:44.617Z] <<< [apiv2][status] POST https://cloudfunctions.googleapis.com/v2/projects/razz6-92831/locations/us-central1/functions:generateUploadUrl 200
[debug] [2025-09-10T20:13:44.618Z] <<< [apiv2][body] POST https://cloudfunctions.googleapis.com/v2/projects/razz6-92831/locations/us-central1/functions:generateUploadUrl {"uploadUrl":"https://storage.googleapis.com/gcf-v2-uploads-90435524032.us-central1.cloudfunctions.appspot.com/bf869063-3832-4f84-8c63-b4c895225c0b.zip?GoogleAccessId=service-90435524032@gcf-admin-robot.iam.gserviceaccount.com&Expires=1757537024&Signature=gktFeRP%2FVR5haK5RIlQWlcfl4yixP7%2BeUldifqln55s6e1CCzD1qe0BXOMtSJY%2Fqijl%2BpPfc6OcoX4PTbA9RikaAW7mIhWUBk35ntPPuP3AZPBdaRA2K1P9CMHNrvPGB1VdSHUJBDIHFm8N3Rn658Nxc0erTcHB5rCRUGkaSeAJv7iqO1fwAeC4UpvdVsrWHWSA8V%2B5D%2BOOf5DxayjSKOQXqoIriDPYl9lRxg3cELXsRp3KCw8%2Fu7JJZ5rssTN3%2B49944ot%2FyNLxzCrFLE0z1mrAAfe01gdAsu%2FJ2LU1fdEvzqdWYdg1I1hBhKBs8iA3DEfSqGngoP5P2fQwpdvgKA%3D%3D","storageSource":{"bucket":"gcf-v2-uploads-90435524032.us-central1.cloudfunctions.appspot.com","object":"bf869063-3832-4f84-8c63-b4c895225c0b.zip"}}
[debug] [2025-09-10T20:13:44.620Z] >>> [apiv2][query] PUT https://storage.googleapis.com/gcf-v2-uploads-90435524032.us-central1.cloudfunctions.appspot.com/bf869063-3832-4f84-8c63-b4c895225c0b.zip GoogleAccessId=service-90435524032%40gcf-admin-robot.iam.gserviceaccount.com&Expires=1757537024&Signature=gktFeRP%2FVR5haK5RIlQWlcfl4yixP7%2BeUldifqln55s6e1CCzD1qe0BXOMtSJY%2Fqijl%2BpPfc6OcoX4PTbA9RikaAW7mIhWUBk35ntPPuP3AZPBdaRA2K1P9CMHNrvPGB1VdSHUJBDIHFm8N3Rn658Nxc0erTcHB5rCRUGkaSeAJv7iqO1fwAeC4UpvdVsrWHWSA8V%2B5D%2BOOf5DxayjSKOQXqoIriDPYl9lRxg3cELXsRp3KCw8%2Fu7JJZ5rssTN3%2B49944ot%2FyNLxzCrFLE0z1mrAAfe01gdAsu%2FJ2LU1fdEvzqdWYdg1I1hBhKBs8iA3DEfSqGngoP5P2fQwpdvgKA%3D%3D
[debug] [2025-09-10T20:13:44.620Z] >>> [apiv2][body] PUT https://storage.googleapis.com/gcf-v2-uploads-90435524032.us-central1.cloudfunctions.appspot.com/bf869063-3832-4f84-8c63-b4c895225c0b.zip [stream]
[debug] [2025-09-10T20:13:44.944Z] <<< [apiv2][status] PUT https://storage.googleapis.com/gcf-v2-uploads-90435524032.us-central1.cloudfunctions.appspot.com/bf869063-3832-4f84-8c63-b4c895225c0b.zip 200
[debug] [2025-09-10T20:13:44.945Z] <<< [apiv2][body] PUT https://storage.googleapis.com/gcf-v2-uploads-90435524032.us-central1.cloudfunctions.appspot.com/bf869063-3832-4f84-8c63-b4c895225c0b.zip [omitted]
[info] ✔  functions: functions folder uploaded successfully 
[info] i  functions: updating Node.js 20 (2nd Gen) function testFunction(us-central1)... 
[debug] [2025-09-10T20:13:44.954Z] Checked if tokens are valid: true, expires at: 1757538813927
[debug] [2025-09-10T20:13:44.954Z] Checked if tokens are valid: true, expires at: 1757538813927
[debug] [2025-09-10T20:13:44.955Z] >>> [apiv2][query] PATCH https://cloudfunctions.googleapis.com/v2/projects/razz6-92831/locations/us-central1/functions/testFunction updateMask=name%2CbuildConfig.runtime%2CbuildConfig.entryPoint%2CbuildConfig.source.storageSource.bucket%2CbuildConfig.source.storageSource.object%2CbuildConfig.environmentVariables%2CbuildConfig.sourceToken%2CserviceConfig.environmentVariables%2CserviceConfig.ingressSettings%2CserviceConfig.timeoutSeconds%2CserviceConfig.serviceAccountEmail%2CserviceConfig.availableMemory%2CserviceConfig.minInstanceCount%2CserviceConfig.maxInstanceCount%2CserviceConfig.maxInstanceRequestConcurrency%2CserviceConfig.availableCpu%2CserviceConfig.vpcConnector%2CserviceConfig.vpcConnectorEgressSettings%2Clabels
[debug] [2025-09-10T20:13:44.955Z] >>> [apiv2][body] PATCH https://cloudfunctions.googleapis.com/v2/projects/razz6-92831/locations/us-central1/functions/testFunction {"name":"projects/razz6-92831/locations/us-central1/functions/testFunction","buildConfig":{"runtime":"nodejs20","entryPoint":"testFunction","source":{"storageSource":{"bucket":"gcf-v2-uploads-90435524032.us-central1.cloudfunctions.appspot.com","object":"bf869063-3832-4f84-8c63-b4c895225c0b.zip"}},"environmentVariables":{"GOOGLE_NODE_RUN_SCRIPTS":""}},"serviceConfig":{"environmentVariables":{"FIREBASE_CONFIG":"{\"projectId\":\"razz6-92831\",\"storageBucket\":\"razz6-92831.firebasestorage.app\"}","GCLOUD_PROJECT":"razz6-92831","EVENTARC_CLOUD_EVENT_SOURCE":"projects/razz6-92831/locations/us-central1/services/testFunction","FUNCTION_TARGET":"testFunction","LOG_EXECUTION_ID":"true"},"ingressSettings":null,"timeoutSeconds":null,"serviceAccountEmail":null,"availableMemory":"256Mi","minInstanceCount":null,"maxInstanceCount":null,"maxInstanceRequestConcurrency":80,"availableCpu":"1","vpcConnector":null,"vpcConnectorEgressSettings":null},"labels":{"deployment-tool":"cli-firebase","firebase-functions-hash":"5e4284e53cea56331d7f6ee5247914352df479ad"}}
[debug] [2025-09-10T20:13:46.090Z] <<< [apiv2][status] PATCH https://cloudfunctions.googleapis.com/v2/projects/razz6-92831/locations/us-central1/functions/testFunction 200
[debug] [2025-09-10T20:13:46.090Z] <<< [apiv2][body] PATCH https://cloudfunctions.googleapis.com/v2/projects/razz6-92831/locations/us-central1/functions/testFunction {"name":"projects/razz6-92831/locations/us-central1/operations/operation-1757535225269-63e780ec84ecf-fe70c0ec-6204b6b0","metadata":{"@type":"type.googleapis.com/google.cloud.functions.v2.OperationMetadata","createTime":"2025-09-10T20:13:46.096662540Z","target":"projects/razz6-92831/locations/us-central1/functions/testFunction","verb":"update","cancelRequested":false,"apiVersion":"v2"},"done":false}
[debug] [2025-09-10T20:13:46.091Z] Checked if tokens are valid: true, expires at: 1757538813927
[debug] [2025-09-10T20:13:46.092Z] Checked if tokens are valid: true, expires at: 1757538813927
[debug] [2025-09-10T20:13:46.092Z] >>> [apiv2][query] GET https://cloudfunctions.googleapis.com/v2/projects/razz6-92831/locations/us-central1/operations/operation-1757535225269-63e780ec84ecf-fe70c0ec-6204b6b0 [none]
[debug] [2025-09-10T20:13:46.381Z] <<< [apiv2][status] GET https://cloudfunctions.googleapis.com/v2/projects/razz6-92831/locations/us-central1/operations/operation-1757535225269-63e780ec84ecf-fe70c0ec-6204b6b0 200
[debug] [2025-09-10T20:13:46.382Z] <<< [apiv2][body] GET https://cloudfunctions.googleapis.com/v2/projects/razz6-92831/locations/us-central1/operations/operation-1757535225269-63e780ec84ecf-fe70c0ec-6204b6b0 {"name":"projects/razz6-92831/locations/us-central1/operations/operation-1757535225269-63e780ec84ecf-fe70c0ec-6204b6b0","metadata":{"@type":"type.googleapis.com/google.cloud.functions.v2.OperationMetadata","createTime":"2025-09-10T20:13:46.096662540Z","target":"projects/razz6-92831/locations/us-central1/functions/testFunction","verb":"update","cancelRequested":false,"apiVersion":"v2","requestResource":{"@type":"type.googleapis.com/google.cloud.functions.v2.Function","name":"projects/razz6-92831/locations/us-central1/functions/testFunction","buildConfig":{"runtime":"nodejs20","entryPoint":"testFunction","source":{"storageSource":{"bucket":"gcf-v2-sources-90435524032-us-central1","object":"testFunction/function-source.zip","generation":"1757535226028208"}},"environmentVariables":{"GOOGLE_NODE_RUN_SCRIPTS":""},"dockerRepository":"projects/razz6-92831/locations/us-central1/repositories/gcf-artifacts","sourceProvenance":{"resolvedStorageSource":{"bucket":"gcf-v2-sources-90435524032-us-central1","object":"testFunction/function-source.zip","generation":"1757519715514318"}},"dockerRegistry":"ARTIFACT_REGISTRY","serviceAccount":"projects/razz6-92831/serviceAccounts/90435524032-compute@developer.gserviceaccount.com","automaticUpdatePolicy":{}},"serviceConfig":{"service":"projects/razz6-92831/locations/us-central1/services/testfunction","timeoutSeconds":60,"environmentVariables":{"FIREBASE_CONFIG":"{\"projectId\":\"razz6-92831\",\"storageBucket\":\"razz6-92831.firebasestorage.app\"}","GCLOUD_PROJECT":"razz6-92831","EVENTARC_CLOUD_EVENT_SOURCE":"projects/razz6-92831/locations/us-central1/services/testFunction","FUNCTION_TARGET":"testFunction","LOG_EXECUTION_ID":"true"},"ingressSettings":"ALLOW_ALL","serviceAccountEmail":"90435524032-compute@developer.gserviceaccount.com","availableMemory":"256Mi","maxInstanceRequestConcurrency":80,"availableCpu":"1"},"state":"UNKNOWN","labels":{"firebase-functions-hash":"5e4284e53cea56331d7f6ee5247914352df479ad"},"stateMessages":[{"severity":"ERROR","type":"CloudRunServiceNotFound","message":"Cloud Run service projects/razz6-92831/locations/us-central1/services/testfunction for the function was not found. The function will not work correctly. Please redeploy."}],"environment":"GEN_2","url":"https://us-central1-razz6-92831.cloudfunctions.net/testFunction","satisfiesPzi":true},"stages":[{"name":"BUILD","state":"NOT_STARTED"},{"name":"SERVICE","state":"NOT_STARTED"}],"operationType":"UPDATE_FUNCTION"},"done":false}
[debug] [2025-09-10T20:13:46.885Z] [update-default-us-central1-testFunction] Retrying task index 0
[debug] [2025-09-10T20:13:46.886Z] Checked if tokens are valid: true, expires at: 1757538813927
[debug] [2025-09-10T20:13:46.886Z] Checked if tokens are valid: true, expires at: 1757538813927
[debug] [2025-09-10T20:13:46.886Z] >>> [apiv2][query] GET https://cloudfunctions.googleapis.com/v2/projects/razz6-92831/locations/us-central1/operations/operation-1757535225269-63e780ec84ecf-fe70c0ec-6204b6b0 [none]
[debug] [2025-09-10T20:13:47.181Z] <<< [apiv2][status] GET https://cloudfunctions.googleapis.com/v2/projects/razz6-92831/locations/us-central1/operations/operation-1757535225269-63e780ec84ecf-fe70c0ec-6204b6b0 200
[debug] [2025-09-10T20:13:47.181Z] <<< [apiv2][body] GET https://cloudfunctions.googleapis.com/v2/projects/razz6-92831/locations/us-central1/operations/operation-1757535225269-63e780ec84ecf-fe70c0ec-6204b6b0 {"name":"projects/razz6-92831/locations/us-central1/operations/operation-1757535225269-63e780ec84ecf-fe70c0ec-6204b6b0","metadata":{"@type":"type.googleapis.com/google.cloud.functions.v2.OperationMetadata","createTime":"2025-09-10T20:13:46.096662540Z","target":"projects/razz6-92831/locations/us-central1/functions/testFunction","verb":"update","cancelRequested":false,"apiVersion":"v2","requestResource":{"@type":"type.googleapis.com/google.cloud.functions.v2.Function","name":"projects/razz6-92831/locations/us-central1/functions/testFunction","buildConfig":{"runtime":"nodejs20","entryPoint":"testFunction","source":{"storageSource":{"bucket":"gcf-v2-sources-90435524032-us-central1","object":"testFunction/function-source.zip","generation":"1757535226028208"}},"environmentVariables":{"GOOGLE_NODE_RUN_SCRIPTS":""},"dockerRepository":"projects/razz6-92831/locations/us-central1/repositories/gcf-artifacts","sourceProvenance":{"resolvedStorageSource":{"bucket":"gcf-v2-sources-90435524032-us-central1","object":"testFunction/function-source.zip","generation":"1757519715514318"}},"dockerRegistry":"ARTIFACT_REGISTRY","serviceAccount":"projects/razz6-92831/serviceAccounts/90435524032-compute@developer.gserviceaccount.com","automaticUpdatePolicy":{}},"serviceConfig":{"service":"projects/razz6-92831/locations/us-central1/services/testfunction","timeoutSeconds":60,"environmentVariables":{"FIREBASE_CONFIG":"{\"projectId\":\"razz6-92831\",\"storageBucket\":\"razz6-92831.firebasestorage.app\"}","GCLOUD_PROJECT":"razz6-92831","EVENTARC_CLOUD_EVENT_SOURCE":"projects/razz6-92831/locations/us-central1/services/testFunction","FUNCTION_TARGET":"testFunction","LOG_EXECUTION_ID":"true"},"ingressSettings":"ALLOW_ALL","serviceAccountEmail":"90435524032-compute@developer.gserviceaccount.com","availableMemory":"256Mi","maxInstanceRequestConcurrency":80,"availableCpu":"1"},"state":"UNKNOWN","labels":{"firebase-functions-hash":"5e4284e53cea56331d7f6ee5247914352df479ad"},"stateMessages":[{"severity":"ERROR","type":"CloudRunServiceNotFound","message":"Cloud Run service projects/razz6-92831/locations/us-central1/services/testfunction for the function was not found. The function will not work correctly. Please redeploy."}],"environment":"GEN_2","url":"https://us-central1-razz6-92831.cloudfunctions.net/testFunction","satisfiesPzi":true},"stages":[{"name":"BUILD","message":"Build in progress","state":"IN_PROGRESS","resource":"projects/90435524032/locations/us-central1/builds/bf480156-c02a-4ac9-b32e-db3fc669ed21","resourceUri":"https://console.cloud.google.com/cloud-build/builds;region=us-central1/bf480156-c02a-4ac9-b32e-db3fc669ed21?project=90435524032"},{"name":"SERVICE","state":"NOT_STARTED"}],"operationType":"UPDATE_FUNCTION","buildName":"projects/90435524032/locations/us-central1/builds/bf480156-c02a-4ac9-b32e-db3fc669ed21"},"done":false}
[debug] [2025-09-10T20:13:48.183Z] [update-default-us-central1-testFunction] Retrying task index 0
[debug] [2025-09-10T20:13:48.184Z] Checked if tokens are valid: true, expires at: 1757538813927
[debug] [2025-09-10T20:13:48.184Z] Checked if tokens are valid: true, expires at: 1757538813927
[debug] [2025-09-10T20:13:48.185Z] >>> [apiv2][query] GET https://cloudfunctions.googleapis.com/v2/projects/razz6-92831/locations/us-central1/operations/operation-1757535225269-63e780ec84ecf-fe70c0ec-6204b6b0 [none]
[debug] [2025-09-10T20:13:48.491Z] <<< [apiv2][status] GET https://cloudfunctions.googleapis.com/v2/projects/razz6-92831/locations/us-central1/operations/operation-1757535225269-63e780ec84ecf-fe70c0ec-6204b6b0 200
[debug] [2025-09-10T20:13:48.491Z] <<< [apiv2][body] GET https://cloudfunctions.googleapis.com/v2/projects/razz6-92831/locations/us-central1/operations/operation-1757535225269-63e780ec84ecf-fe70c0ec-6204b6b0 {"name":"projects/razz6-92831/locations/us-central1/operations/operation-1757535225269-63e780ec84ecf-fe70c0ec-6204b6b0","metadata":{"@type":"type.googleapis.com/google.cloud.functions.v2.OperationMetadata","createTime":"2025-09-10T20:13:46.096662540Z","target":"projects/razz6-92831/locations/us-central1/functions/testFunction","verb":"update","cancelRequested":false,"apiVersion":"v2","requestResource":{"@type":"type.googleapis.com/google.cloud.functions.v2.Function","name":"projects/razz6-92831/locations/us-central1/functions/testFunction","buildConfig":{"runtime":"nodejs20","entryPoint":"testFunction","source":{"storageSource":{"bucket":"gcf-v2-sources-90435524032-us-central1","object":"testFunction/function-source.zip","generation":"1757535226028208"}},"environmentVariables":{"GOOGLE_NODE_RUN_SCRIPTS":""},"dockerRepository":"projects/razz6-92831/locations/us-central1/repositories/gcf-artifacts","sourceProvenance":{"resolvedStorageSource":{"bucket":"gcf-v2-sources-90435524032-us-central1","object":"testFunction/function-source.zip","generation":"1757519715514318"}},"dockerRegistry":"ARTIFACT_REGISTRY","serviceAccount":"projects/razz6-92831/serviceAccounts/90435524032-compute@developer.gserviceaccount.com","automaticUpdatePolicy":{}},"serviceConfig":{"service":"projects/razz6-92831/locations/us-central1/services/testfunction","timeoutSeconds":60,"environmentVariables":{"FIREBASE_CONFIG":"{\"projectId\":\"razz6-92831\",\"storageBucket\":\"razz6-92831.firebasestorage.app\"}","GCLOUD_PROJECT":"razz6-92831","EVENTARC_CLOUD_EVENT_SOURCE":"projects/razz6-92831/locations/us-central1/services/testFunction","FUNCTION_TARGET":"testFunction","LOG_EXECUTION_ID":"true"},"ingressSettings":"ALLOW_ALL","serviceAccountEmail":"90435524032-compute@developer.gserviceaccount.com","availableMemory":"256Mi","maxInstanceRequestConcurrency":80,"availableCpu":"1"},"state":"UNKNOWN","labels":{"firebase-functions-hash":"5e4284e53cea56331d7f6ee5247914352df479ad"},"stateMessages":[{"severity":"ERROR","type":"CloudRunServiceNotFound","message":"Cloud Run service projects/razz6-92831/locations/us-central1/services/testfunction for the function was not found. The function will not work correctly. Please redeploy."}],"environment":"GEN_2","url":"https://us-central1-razz6-92831.cloudfunctions.net/testFunction","satisfiesPzi":true},"stages":[{"name":"BUILD","message":"Build in progress","state":"IN_PROGRESS","resource":"projects/90435524032/locations/us-central1/builds/bf480156-c02a-4ac9-b32e-db3fc669ed21","resourceUri":"https://console.cloud.google.com/cloud-build/builds;region=us-central1/bf480156-c02a-4ac9-b32e-db3fc669ed21?project=90435524032"},{"name":"SERVICE","state":"NOT_STARTED"}],"operationType":"UPDATE_FUNCTION","buildName":"projects/90435524032/locations/us-central1/builds/bf480156-c02a-4ac9-b32e-db3fc669ed21"},"done":false}
[debug] [2025-09-10T20:13:50.493Z] [update-default-us-central1-testFunction] Retrying task index 0
[debug] [2025-09-10T20:13:50.494Z] Checked if tokens are valid: true, expires at: 1757538813927
[debug] [2025-09-10T20:13:50.494Z] Checked if tokens are valid: true, expires at: 1757538813927
[debug] [2025-09-10T20:13:50.494Z] >>> [apiv2][query] GET https://cloudfunctions.googleapis.com/v2/projects/razz6-92831/locations/us-central1/operations/operation-1757535225269-63e780ec84ecf-fe70c0ec-6204b6b0 [none]
[debug] [2025-09-10T20:13:50.794Z] <<< [apiv2][status] GET https://cloudfunctions.googleapis.com/v2/projects/razz6-92831/locations/us-central1/operations/operation-1757535225269-63e780ec84ecf-fe70c0ec-6204b6b0 200
[debug] [2025-09-10T20:13:50.795Z] <<< [apiv2][body] GET https://cloudfunctions.googleapis.com/v2/projects/razz6-92831/locations/us-central1/operations/operation-1757535225269-63e780ec84ecf-fe70c0ec-6204b6b0 {"name":"projects/razz6-92831/locations/us-central1/operations/operation-1757535225269-63e780ec84ecf-fe70c0ec-6204b6b0","metadata":{"@type":"type.googleapis.com/google.cloud.functions.v2.OperationMetadata","createTime":"2025-09-10T20:13:46.096662540Z","target":"projects/razz6-92831/locations/us-central1/functions/testFunction","verb":"update","cancelRequested":false,"apiVersion":"v2","requestResource":{"@type":"type.googleapis.com/google.cloud.functions.v2.Function","name":"projects/razz6-92831/locations/us-central1/functions/testFunction","buildConfig":{"runtime":"nodejs20","entryPoint":"testFunction","source":{"storageSource":{"bucket":"gcf-v2-sources-90435524032-us-central1","object":"testFunction/function-source.zip","generation":"1757535226028208"}},"environmentVariables":{"GOOGLE_NODE_RUN_SCRIPTS":""},"dockerRepository":"projects/razz6-92831/locations/us-central1/repositories/gcf-artifacts","sourceProvenance":{"resolvedStorageSource":{"bucket":"gcf-v2-sources-90435524032-us-central1","object":"testFunction/function-source.zip","generation":"1757519715514318"}},"dockerRegistry":"ARTIFACT_REGISTRY","serviceAccount":"projects/razz6-92831/serviceAccounts/90435524032-compute@developer.gserviceaccount.com","automaticUpdatePolicy":{}},"serviceConfig":{"service":"projects/razz6-92831/locations/us-central1/services/testfunction","timeoutSeconds":60,"environmentVariables":{"FIREBASE_CONFIG":"{\"projectId\":\"razz6-92831\",\"storageBucket\":\"razz6-92831.firebasestorage.app\"}","GCLOUD_PROJECT":"razz6-92831","EVENTARC_CLOUD_EVENT_SOURCE":"projects/razz6-92831/locations/us-central1/services/testFunction","FUNCTION_TARGET":"testFunction","LOG_EXECUTION_ID":"true"},"ingressSettings":"ALLOW_ALL","serviceAccountEmail":"90435524032-compute@developer.gserviceaccount.com","availableMemory":"256Mi","maxInstanceRequestConcurrency":80,"availableCpu":"1"},"state":"UNKNOWN","labels":{"firebase-functions-hash":"5e4284e53cea56331d7f6ee5247914352df479ad"},"stateMessages":[{"severity":"ERROR","type":"CloudRunServiceNotFound","message":"Cloud Run service projects/razz6-92831/locations/us-central1/services/testfunction for the function was not found. The function will not work correctly. Please redeploy."}],"environment":"GEN_2","url":"https://us-central1-razz6-92831.cloudfunctions.net/testFunction","satisfiesPzi":true},"stages":[{"name":"BUILD","message":"Build in progress","state":"IN_PROGRESS","resource":"projects/90435524032/locations/us-central1/builds/bf480156-c02a-4ac9-b32e-db3fc669ed21","resourceUri":"https://console.cloud.google.com/cloud-build/builds;region=us-central1/bf480156-c02a-4ac9-b32e-db3fc669ed21?project=90435524032"},{"name":"SERVICE","state":"NOT_STARTED"}],"operationType":"UPDATE_FUNCTION","buildName":"projects/90435524032/locations/us-central1/builds/bf480156-c02a-4ac9-b32e-db3fc669ed21"},"done":false}
[debug] [2025-09-10T20:13:54.796Z] [update-default-us-central1-testFunction] Retrying task index 0
[debug] [2025-09-10T20:13:54.797Z] Checked if tokens are valid: true, expires at: 1757538813927
[debug] [2025-09-10T20:13:54.797Z] Checked if tokens are valid: true, expires at: 1757538813927
[debug] [2025-09-10T20:13:54.797Z] >>> [apiv2][query] GET https://cloudfunctions.googleapis.com/v2/projects/razz6-92831/locations/us-central1/operations/operation-1757535225269-63e780ec84ecf-fe70c0ec-6204b6b0 [none]
[debug] [2025-09-10T20:13:55.083Z] <<< [apiv2][status] GET https://cloudfunctions.googleapis.com/v2/projects/razz6-92831/locations/us-central1/operations/operation-1757535225269-63e780ec84ecf-fe70c0ec-6204b6b0 200
[debug] [2025-09-10T20:13:55.083Z] <<< [apiv2][body] GET https://cloudfunctions.googleapis.com/v2/projects/razz6-92831/locations/us-central1/operations/operation-1757535225269-63e780ec84ecf-fe70c0ec-6204b6b0 {"name":"projects/razz6-92831/locations/us-central1/operations/operation-1757535225269-63e780ec84ecf-fe70c0ec-6204b6b0","metadata":{"@type":"type.googleapis.com/google.cloud.functions.v2.OperationMetadata","createTime":"2025-09-10T20:13:46.096662540Z","target":"projects/razz6-92831/locations/us-central1/functions/testFunction","verb":"update","cancelRequested":false,"apiVersion":"v2","requestResource":{"@type":"type.googleapis.com/google.cloud.functions.v2.Function","name":"projects/razz6-92831/locations/us-central1/functions/testFunction","buildConfig":{"runtime":"nodejs20","entryPoint":"testFunction","source":{"storageSource":{"bucket":"gcf-v2-sources-90435524032-us-central1","object":"testFunction/function-source.zip","generation":"1757535226028208"}},"environmentVariables":{"GOOGLE_NODE_RUN_SCRIPTS":""},"dockerRepository":"projects/razz6-92831/locations/us-central1/repositories/gcf-artifacts","sourceProvenance":{"resolvedStorageSource":{"bucket":"gcf-v2-sources-90435524032-us-central1","object":"testFunction/function-source.zip","generation":"1757519715514318"}},"dockerRegistry":"ARTIFACT_REGISTRY","serviceAccount":"projects/razz6-92831/serviceAccounts/90435524032-compute@developer.gserviceaccount.com","automaticUpdatePolicy":{}},"serviceConfig":{"service":"projects/razz6-92831/locations/us-central1/services/testfunction","timeoutSeconds":60,"environmentVariables":{"FIREBASE_CONFIG":"{\"projectId\":\"razz6-92831\",\"storageBucket\":\"razz6-92831.firebasestorage.app\"}","GCLOUD_PROJECT":"razz6-92831","EVENTARC_CLOUD_EVENT_SOURCE":"projects/razz6-92831/locations/us-central1/services/testFunction","FUNCTION_TARGET":"testFunction","LOG_EXECUTION_ID":"true"},"ingressSettings":"ALLOW_ALL","serviceAccountEmail":"90435524032-compute@developer.gserviceaccount.com","availableMemory":"256Mi","maxInstanceRequestConcurrency":80,"availableCpu":"1"},"state":"UNKNOWN","labels":{"firebase-functions-hash":"5e4284e53cea56331d7f6ee5247914352df479ad"},"stateMessages":[{"severity":"ERROR","type":"CloudRunServiceNotFound","message":"Cloud Run service projects/razz6-92831/locations/us-central1/services/testfunction for the function was not found. The function will not work correctly. Please redeploy."}],"environment":"GEN_2","url":"https://us-central1-razz6-92831.cloudfunctions.net/testFunction","satisfiesPzi":true},"stages":[{"name":"BUILD","message":"Build in progress","state":"IN_PROGRESS","resource":"projects/90435524032/locations/us-central1/builds/bf480156-c02a-4ac9-b32e-db3fc669ed21","resourceUri":"https://console.cloud.google.com/cloud-build/builds;region=us-central1/bf480156-c02a-4ac9-b32e-db3fc669ed21?project=90435524032"},{"name":"SERVICE","state":"NOT_STARTED"}],"operationType":"UPDATE_FUNCTION","buildName":"projects/90435524032/locations/us-central1/builds/bf480156-c02a-4ac9-b32e-db3fc669ed21"},"done":false}
[debug] [2025-09-10T20:14:03.085Z] [update-default-us-central1-testFunction] Retrying task index 0
[debug] [2025-09-10T20:14:03.087Z] Checked if tokens are valid: true, expires at: 1757538813927
[debug] [2025-09-10T20:14:03.087Z] Checked if tokens are valid: true, expires at: 1757538813927
[debug] [2025-09-10T20:14:03.087Z] >>> [apiv2][query] GET https://cloudfunctions.googleapis.com/v2/projects/razz6-92831/locations/us-central1/operations/operation-1757535225269-63e780ec84ecf-fe70c0ec-6204b6b0 [none]
[debug] [2025-09-10T20:14:03.425Z] <<< [apiv2][status] GET https://cloudfunctions.googleapis.com/v2/projects/razz6-92831/locations/us-central1/operations/operation-1757535225269-63e780ec84ecf-fe70c0ec-6204b6b0 200
[debug] [2025-09-10T20:14:03.425Z] <<< [apiv2][body] GET https://cloudfunctions.googleapis.com/v2/projects/razz6-92831/locations/us-central1/operations/operation-1757535225269-63e780ec84ecf-fe70c0ec-6204b6b0 {"name":"projects/razz6-92831/locations/us-central1/operations/operation-1757535225269-63e780ec84ecf-fe70c0ec-6204b6b0","metadata":{"@type":"type.googleapis.com/google.cloud.functions.v2.OperationMetadata","createTime":"2025-09-10T20:13:46.096662540Z","target":"projects/razz6-92831/locations/us-central1/functions/testFunction","verb":"update","cancelRequested":false,"apiVersion":"v2","requestResource":{"@type":"type.googleapis.com/google.cloud.functions.v2.Function","name":"projects/razz6-92831/locations/us-central1/functions/testFunction","buildConfig":{"runtime":"nodejs20","entryPoint":"testFunction","source":{"storageSource":{"bucket":"gcf-v2-sources-90435524032-us-central1","object":"testFunction/function-source.zip","generation":"1757535226028208"}},"environmentVariables":{"GOOGLE_NODE_RUN_SCRIPTS":""},"dockerRepository":"projects/razz6-92831/locations/us-central1/repositories/gcf-artifacts","sourceProvenance":{"resolvedStorageSource":{"bucket":"gcf-v2-sources-90435524032-us-central1","object":"testFunction/function-source.zip","generation":"1757519715514318"}},"dockerRegistry":"ARTIFACT_REGISTRY","serviceAccount":"projects/razz6-92831/serviceAccounts/90435524032-compute@developer.gserviceaccount.com","automaticUpdatePolicy":{}},"serviceConfig":{"service":"projects/razz6-92831/locations/us-central1/services/testfunction","timeoutSeconds":60,"environmentVariables":{"FIREBASE_CONFIG":"{\"projectId\":\"razz6-92831\",\"storageBucket\":\"razz6-92831.firebasestorage.app\"}","GCLOUD_PROJECT":"razz6-92831","EVENTARC_CLOUD_EVENT_SOURCE":"projects/razz6-92831/locations/us-central1/services/testFunction","FUNCTION_TARGET":"testFunction","LOG_EXECUTION_ID":"true"},"ingressSettings":"ALLOW_ALL","serviceAccountEmail":"90435524032-compute@developer.gserviceaccount.com","availableMemory":"256Mi","maxInstanceRequestConcurrency":80,"availableCpu":"1"},"state":"UNKNOWN","labels":{"firebase-functions-hash":"5e4284e53cea56331d7f6ee5247914352df479ad"},"stateMessages":[{"severity":"ERROR","type":"CloudRunServiceNotFound","message":"Cloud Run service projects/razz6-92831/locations/us-central1/services/testfunction for the function was not found. The function will not work correctly. Please redeploy."}],"environment":"GEN_2","url":"https://us-central1-razz6-92831.cloudfunctions.net/testFunction","satisfiesPzi":true},"stages":[{"name":"BUILD","message":"Build in progress","state":"IN_PROGRESS","resource":"projects/90435524032/locations/us-central1/builds/bf480156-c02a-4ac9-b32e-db3fc669ed21","resourceUri":"https://console.cloud.google.com/cloud-build/builds;region=us-central1/bf480156-c02a-4ac9-b32e-db3fc669ed21?project=90435524032"},{"name":"SERVICE","state":"NOT_STARTED"}],"operationType":"UPDATE_FUNCTION","buildName":"projects/90435524032/locations/us-central1/builds/bf480156-c02a-4ac9-b32e-db3fc669ed21"},"done":false}
[debug] [2025-09-10T20:14:13.426Z] [update-default-us-central1-testFunction] Retrying task index 0
[debug] [2025-09-10T20:14:13.427Z] Checked if tokens are valid: true, expires at: 1757538813927
[debug] [2025-09-10T20:14:13.427Z] Checked if tokens are valid: true, expires at: 1757538813927
[debug] [2025-09-10T20:14:13.428Z] >>> [apiv2][query] GET https://cloudfunctions.googleapis.com/v2/projects/razz6-92831/locations/us-central1/operations/operation-1757535225269-63e780ec84ecf-fe70c0ec-6204b6b0 [none]
[debug] [2025-09-10T20:14:13.821Z] <<< [apiv2][status] GET https://cloudfunctions.googleapis.com/v2/projects/razz6-92831/locations/us-central1/operations/operation-1757535225269-63e780ec84ecf-fe70c0ec-6204b6b0 200
[debug] [2025-09-10T20:14:13.821Z] <<< [apiv2][body] GET https://cloudfunctions.googleapis.com/v2/projects/razz6-92831/locations/us-central1/operations/operation-1757535225269-63e780ec84ecf-fe70c0ec-6204b6b0 {"name":"projects/razz6-92831/locations/us-central1/operations/operation-1757535225269-63e780ec84ecf-fe70c0ec-6204b6b0","metadata":{"@type":"type.googleapis.com/google.cloud.functions.v2.OperationMetadata","createTime":"2025-09-10T20:13:46.096662540Z","endTime":"2025-09-10T20:14:11.624282284Z","target":"projects/razz6-92831/locations/us-central1/functions/testFunction","verb":"update","cancelRequested":false,"apiVersion":"v2","requestResource":{"@type":"type.googleapis.com/google.cloud.functions.v2.Function","name":"projects/razz6-92831/locations/us-central1/functions/testFunction","buildConfig":{"runtime":"nodejs20","entryPoint":"testFunction","source":{"storageSource":{"bucket":"gcf-v2-sources-90435524032-us-central1","object":"testFunction/function-source.zip","generation":"1757535226028208"}},"environmentVariables":{"GOOGLE_NODE_RUN_SCRIPTS":""},"dockerRepository":"projects/razz6-92831/locations/us-central1/repositories/gcf-artifacts","sourceProvenance":{"resolvedStorageSource":{"bucket":"gcf-v2-sources-90435524032-us-central1","object":"testFunction/function-source.zip","generation":"1757519715514318"}},"dockerRegistry":"ARTIFACT_REGISTRY","serviceAccount":"projects/razz6-92831/serviceAccounts/90435524032-compute@developer.gserviceaccount.com","automaticUpdatePolicy":{}},"serviceConfig":{"service":"projects/razz6-92831/locations/us-central1/services/testfunction","timeoutSeconds":60,"environmentVariables":{"FIREBASE_CONFIG":"{\"projectId\":\"razz6-92831\",\"storageBucket\":\"razz6-92831.firebasestorage.app\"}","GCLOUD_PROJECT":"razz6-92831","EVENTARC_CLOUD_EVENT_SOURCE":"projects/razz6-92831/locations/us-central1/services/testFunction","FUNCTION_TARGET":"testFunction","LOG_EXECUTION_ID":"true"},"ingressSettings":"ALLOW_ALL","serviceAccountEmail":"90435524032-compute@developer.gserviceaccount.com","availableMemory":"256Mi","maxInstanceRequestConcurrency":80,"availableCpu":"1"},"state":"UNKNOWN","labels":{"firebase-functions-hash":"5e4284e53cea56331d7f6ee5247914352df479ad"},"stateMessages":[{"severity":"ERROR","type":"CloudRunServiceNotFound","message":"Cloud Run service projects/razz6-92831/locations/us-central1/services/testfunction for the function was not found. The function will not work correctly. Please redeploy."}],"environment":"GEN_2","url":"https://us-central1-razz6-92831.cloudfunctions.net/testFunction","satisfiesPzi":true},"stages":[{"name":"SERVICE","state":"NOT_STARTED"}],"operationType":"UPDATE_FUNCTION"},"done":true,"error":{"code":13,"message":"Build failed with status: FAILURE and message: An unexpected error occurred. Refer to build logs: https://console.cloud.google.com/cloud-build/builds;region=us-central1/bf480156-c02a-4ac9-b32e-db3fc669ed21?project=90435524032. For more details see the logs at https://console.cloud.google.com/cloud-build/builds;region=us-central1/bf480156-c02a-4ac9-b32e-db3fc669ed21?project=90435524032."}}
[debug] [2025-09-10T20:14:13.822Z] Got source token undefined for region us-central1
[error] Build failed with status: FAILURE and message: An unexpected error occurred. Refer to build logs: https://console.cloud.google.com/cloud-build/builds;region=us-central1/bf480156-c02a-4ac9-b32e-db3fc669ed21?project=90435524032. For more details see the logs at https://console.cloud.google.com/cloud-build/builds;region=us-central1/bf480156-c02a-4ac9-b32e-db3fc669ed21?project=90435524032.
[debug] [2025-09-10T20:14:13.828Z] Total Function Deployment time: 28875
[debug] [2025-09-10T20:14:13.828Z] 1 Functions Deployed
[debug] [2025-09-10T20:14:13.828Z] 1 Functions Errored
[debug] [2025-09-10T20:14:13.828Z] 0 Function Deployments Aborted
[debug] [2025-09-10T20:14:13.828Z] Average Function Deployment time: 28874
[info] 
[info] Functions deploy had errors with the following functions:
	testFunction(us-central1)
[debug] [2025-09-10T20:14:13.830Z] Not printing URL for HTTPS function. Typically this means it didn't match a filter or we failed deployment
[debug] [2025-09-10T20:14:13.831Z] Checked if tokens are valid: true, expires at: 1757538813927
[debug] [2025-09-10T20:14:13.831Z] Checked if tokens are valid: true, expires at: 1757538813927
[debug] [2025-09-10T20:14:13.831Z] >>> [apiv2][query] GET https://artifactregistry.googleapis.com/v1/projects/razz6-92831/locations/us-central1/repositories/gcf-artifacts [none]
[debug] [2025-09-10T20:14:14.077Z] <<< [apiv2][status] GET https://artifactregistry.googleapis.com/v1/projects/razz6-92831/locations/us-central1/repositories/gcf-artifacts 200
[debug] [2025-09-10T20:14:14.078Z] <<< [apiv2][body] GET https://artifactregistry.googleapis.com/v1/projects/razz6-92831/locations/us-central1/repositories/gcf-artifacts {"name":"projects/razz6-92831/locations/us-central1/repositories/gcf-artifacts","format":"DOCKER","description":"This repository is created and used by Cloud Functions for storing function docker images.","labels":{"goog-managed-by":"cloudfunctions"},"createTime":"2025-09-10T18:04:00.591869Z","updateTime":"2025-09-10T18:04:56.848594Z","mode":"STANDARD_REPOSITORY","cleanupPolicies":{"firebase-functions-cleanup":{"id":"firebase-functions-cleanup","action":"DELETE","condition":{"tagState":"ANY","olderThan":"86400s"}}},"vulnerabilityScanningConfig":{"lastEnableTime":"2025-09-10T18:03:59.902476361Z","enablementState":"SCANNING_ACTIVE"},"satisfiesPzi":true,"registryUri":"us-central1-docker.pkg.dev/razz6-92831/gcf-artifacts"}
[debug] [2025-09-10T20:14:14.078Z] Functions deploy failed.
[debug] [2025-09-10T20:14:14.078Z] {
  "endpoint": {
    "id": "testFunction",
    "project": "razz6-92831",
    "region": "us-central1",
    "entryPoint": "testFunction",
    "platform": "gcfv2",
    "runtime": "nodejs20",
    "httpsTrigger": {},
    "labels": {
      "deployment-tool": "cli-firebase"
    },
    "serviceAccount": null,
    "ingressSettings": null,
    "availableMemoryMb": null,
    "timeoutSeconds": null,
    "maxInstances": null,
    "minInstances": null,
    "concurrency": 80,
    "vpc": null,
    "environmentVariables": {
      "FIREBASE_CONFIG": "{\"projectId\":\"razz6-92831\",\"storageBucket\":\"razz6-92831.firebasestorage.app\"}",
      "GCLOUD_PROJECT": "razz6-92831",
      "EVENTARC_CLOUD_EVENT_SOURCE": "projects/razz6-92831/locations/us-central1/services/testFunction"
    },
    "codebase": "default",
    "securityLevel": "SECURE_ALWAYS",
    "cpu": 1,
    "targetedByOnly": false,
    "hash": "5e4284e53cea56331d7f6ee5247914352df479ad"
  },
  "op": "update",
  "original": {
    "name": "FirebaseError",
    "children": [],
    "exit": 1,
    "message": "Build failed with status: FAILURE and message: An unexpected error occurred. Refer to build logs: https://console.cloud.google.com/cloud-build/builds;region=us-central1/bf480156-c02a-4ac9-b32e-db3fc669ed21?project=90435524032. For more details see the logs at https://console.cloud.google.com/cloud-build/builds;region=us-central1/bf480156-c02a-4ac9-b32e-db3fc669ed21?project=90435524032.",
    "original": {
      "code": 13,
      "message": "Build failed with status: FAILURE and message: An unexpected error occurred. Refer to build logs: https://console.cloud.google.com/cloud-build/builds;region=us-central1/bf480156-c02a-4ac9-b32e-db3fc669ed21?project=90435524032. For more details see the logs at https://console.cloud.google.com/cloud-build/builds;region=us-central1/bf480156-c02a-4ac9-b32e-db3fc669ed21?project=90435524032."
    },
    "status": 13,
    "code": 13
  }
}
[debug] [2025-09-10T20:14:14.080Z] Error: Failed to update function testFunction in region us-central1
    at /Users/rambodrad/.nvm/versions/node/v18.20.5/lib/node_modules/firebase-tools/lib/deploy/functions/release/fabricator.js:411:19
    at process.processTicksAndRejections (node:internal/process/task_queues:95:5)
    at async Fabricator.updateV2Function (/Users/rambodrad/.nvm/versions/node/v18.20.5/lib/node_modules/firebase-tools/lib/deploy/functions/release/fabricator.js:400:32)
    at async Fabricator.updateEndpoint (/Users/rambodrad/.nvm/versions/node/v18.20.5/lib/node_modules/firebase-tools/lib/deploy/functions/release/fabricator.js:160:13)
    at async handle (/Users/rambodrad/.nvm/versions/node/v18.20.5/lib/node_modules/firebase-tools/lib/deploy/functions/release/fabricator.js:89:17)
[error] 
[error] Error: There was an error deploying functions
