[debug] [2025-09-18T17:59:33.597Z] ----------------------------------------------------------------------
[debug] [2025-09-18T17:59:33.605Z] Command:       /Users/rambodrad/.nvm/versions/node/v20.19.5/bin/node /Users/rambodrad/.nvm/versions/node/v20.19.5/bin/firebase deploy --only functions
[debug] [2025-09-18T17:59:33.605Z] CLI Version:   14.15.2
[debug] [2025-09-18T17:59:33.605Z] Platform:      darwin
[debug] [2025-09-18T17:59:33.605Z] Node Version:  v20.19.5
[debug] [2025-09-18T17:59:33.605Z] Time:          Thu Sep 18 2025 11:59:33 GMT-0600 (Mountain Daylight Time)
[debug] [2025-09-18T17:59:33.605Z] ----------------------------------------------------------------------
[debug] 
[debug] [2025-09-18T17:59:33.772Z] > command requires scopes: ["email","openid","https://www.googleapis.com/auth/cloudplatformprojects.readonly","https://www.googleapis.com/auth/firebase","https://www.googleapis.com/auth/cloud-platform"]
[debug] [2025-09-18T17:59:33.772Z] > authorizing via signed-in user (admin@razzberry.ai)
[debug] [2025-09-18T17:59:33.773Z] [iam] checking project razz6-92831 for permissions ["cloudfunctions.functions.create","cloudfunctions.functions.delete","cloudfunctions.functions.get","cloudfunctions.functions.list","cloudfunctions.functions.update","cloudfunctions.operations.get","firebase.projects.get"]
[debug] [2025-09-18T17:59:33.774Z] Checked if tokens are valid: false, expires at: 1758216447143
[debug] [2025-09-18T17:59:33.774Z] Checked if tokens are valid: false, expires at: 1758216447143
[debug] [2025-09-18T17:59:33.774Z] > refreshing access token with scopes: []
[debug] [2025-09-18T17:59:33.776Z] >>> [apiv2][query] POST https://www.googleapis.com/oauth2/v3/token [none]
[debug] [2025-09-18T17:59:33.776Z] >>> [apiv2][body] POST https://www.googleapis.com/oauth2/v3/token [omitted]
[debug] [2025-09-18T17:59:34.020Z] <<< [apiv2][status] POST https://www.googleapis.com/oauth2/v3/token 200
[debug] [2025-09-18T17:59:34.020Z] <<< [apiv2][body] POST https://www.googleapis.com/oauth2/v3/token [omitted]
[debug] [2025-09-18T17:59:34.036Z] >>> [apiv2][query] POST https://cloudresourcemanager.googleapis.com/v1/projects/razz6-92831:testIamPermissions [none]
[debug] [2025-09-18T17:59:34.036Z] >>> [apiv2][(partial)header] POST https://cloudresourcemanager.googleapis.com/v1/projects/razz6-92831:testIamPermissions x-goog-quota-user=projects/razz6-92831
[debug] [2025-09-18T17:59:34.036Z] >>> [apiv2][body] POST https://cloudresourcemanager.googleapis.com/v1/projects/razz6-92831:testIamPermissions {"permissions":["cloudfunctions.functions.create","cloudfunctions.functions.delete","cloudfunctions.functions.get","cloudfunctions.functions.list","cloudfunctions.functions.update","cloudfunctions.operations.get","firebase.projects.get"]}
[debug] [2025-09-18T17:59:34.224Z] <<< [apiv2][status] POST https://cloudresourcemanager.googleapis.com/v1/projects/razz6-92831:testIamPermissions 200
[debug] [2025-09-18T17:59:34.225Z] <<< [apiv2][body] POST https://cloudresourcemanager.googleapis.com/v1/projects/razz6-92831:testIamPermissions {"permissions":["cloudfunctions.functions.create","cloudfunctions.functions.delete","cloudfunctions.functions.get","cloudfunctions.functions.list","cloudfunctions.functions.update","cloudfunctions.operations.get","firebase.projects.get"]}
[debug] [2025-09-18T17:59:34.225Z] Checked if tokens are valid: true, expires at: 1758221973020
[debug] [2025-09-18T17:59:34.225Z] Checked if tokens are valid: true, expires at: 1758221973020
[debug] [2025-09-18T17:59:34.225Z] >>> [apiv2][query] POST https://iam.googleapis.com/v1/projects/razz6-92831/serviceAccounts/razz6-92831@appspot.gserviceaccount.com:testIamPermissions [none]
[debug] [2025-09-18T17:59:34.225Z] >>> [apiv2][body] POST https://iam.googleapis.com/v1/projects/razz6-92831/serviceAccounts/razz6-92831@appspot.gserviceaccount.com:testIamPermissions {"permissions":["iam.serviceAccounts.actAs"]}
[debug] [2025-09-18T17:59:34.496Z] <<< [apiv2][status] POST https://iam.googleapis.com/v1/projects/razz6-92831/serviceAccounts/razz6-92831@appspot.gserviceaccount.com:testIamPermissions 404
[debug] [2025-09-18T17:59:34.496Z] <<< [apiv2][body] POST https://iam.googleapis.com/v1/projects/razz6-92831/serviceAccounts/razz6-92831@appspot.gserviceaccount.com:testIamPermissions {"error":{"code":404,"message":"Unknown service account","status":"NOT_FOUND"}}
[debug] [2025-09-18T17:59:34.496Z] [functions] service account IAM check errored, deploy may fail: Request to https://iam.googleapis.com/v1/projects/razz6-92831/serviceAccounts/razz6-92831@appspot.gserviceaccount.com:testIamPermissions had HTTP Error: 404, Unknown service account {"name":"FirebaseError","children":[],"context":{"body":{"error":{"code":404,"message":"Unknown service account","status":"NOT_FOUND"}},"response":{"statusCode":404}},"exit":1,"message":"Request to https://iam.googleapis.com/v1/projects/razz6-92831/serviceAccounts/razz6-92831@appspot.gserviceaccount.com:testIamPermissions had HTTP Error: 404, Unknown service account","status":404}
[info] 
[info] === Deploying to 'razz6-92831'...
[info] 
[info] i  deploying functions 
[debug] [2025-09-18T17:59:34.499Z] Checked if tokens are valid: true, expires at: 1758221973020
[debug] [2025-09-18T17:59:34.499Z] Checked if tokens are valid: true, expires at: 1758221973020
[debug] [2025-09-18T17:59:34.499Z] >>> [apiv2][query] GET https://cloudresourcemanager.googleapis.com/v1/projects/razz6-92831 [none]
[debug] [2025-09-18T17:59:34.607Z] <<< [apiv2][status] GET https://cloudresourcemanager.googleapis.com/v1/projects/razz6-92831 200
[debug] [2025-09-18T17:59:34.607Z] <<< [apiv2][body] GET https://cloudresourcemanager.googleapis.com/v1/projects/razz6-92831 {"projectNumber":"90435524032","projectId":"razz6-92831","lifecycleState":"ACTIVE","name":"razz6","labels":{"firebase":"enabled","firebase-core":"disabled"},"createTime":"2025-05-12T13:59:29.538329Z","parent":{"type":"organization","id":"1129183310"}}
[info] i  functions: preparing codebase default for deployment 
[info] i  functions: ensuring required API cloudfunctions.googleapis.com is enabled... 
[info] i  functions: ensuring required API cloudbuild.googleapis.com is enabled... 
[info] i  artifactregistry: ensuring required API artifactregistry.googleapis.com is enabled... 
[debug] [2025-09-18T17:59:34.608Z] Checked if tokens are valid: true, expires at: 1758221973020
[debug] [2025-09-18T17:59:34.608Z] Checked if tokens are valid: true, expires at: 1758221973020
[debug] [2025-09-18T17:59:34.609Z] >>> [apiv2][query] GET https://firebase.googleapis.com/v1beta1/projects/razz6-92831/adminSdkConfig [none]
[debug] [2025-09-18T17:59:35.779Z] <<< [apiv2][status] GET https://firebase.googleapis.com/v1beta1/projects/razz6-92831/adminSdkConfig 200
[debug] [2025-09-18T17:59:35.788Z] <<< [apiv2][body] GET https://firebase.googleapis.com/v1beta1/projects/razz6-92831/adminSdkConfig {"projectId":"razz6-92831","storageBucket":"razz6-92831.firebasestorage.app"}
[debug] [2025-09-18T17:59:35.790Z] Checked if tokens are valid: true, expires at: 1758221973020
[debug] [2025-09-18T17:59:35.790Z] Checked if tokens are valid: true, expires at: 1758221973020
[debug] [2025-09-18T17:59:35.791Z] >>> [apiv2][query] GET https://runtimeconfig.googleapis.com/v1beta1/projects/razz6-92831/configs [none]
[debug] [2025-09-18T17:59:36.027Z] <<< [apiv2][status] GET https://runtimeconfig.googleapis.com/v1beta1/projects/razz6-92831/configs 200
[debug] [2025-09-18T17:59:36.028Z] <<< [apiv2][body] GET https://runtimeconfig.googleapis.com/v1beta1/projects/razz6-92831/configs {}
[debug] [2025-09-18T17:59:36.036Z] Validating nodejs source
[warn] ⚠  functions: package.json indicates an outdated version of firebase-functions. Please upgrade using npm install --save firebase-functions@latest in your functions directory. 
[warn] ⚠  functions: Please note that there will be breaking changes when you upgrade. 
[debug] [2025-09-18T17:59:36.724Z] > [functions] package.json contents: {
  "name": "functions",
  "description": "Cloud Functions for Firebase",
  "scripts": {
    "serve": "firebase emulators:start --only functions",
    "shell": "firebase functions:shell",
    "start": "npm run shell",
    "deploy": "firebase deploy --only functions",
    "logs": "firebase functions:log"
  },
  "engines": {
    "node": "20"
  },
  "main": "index.js",
  "dependencies": {
    "firebase-admin": "^12.5.0",
    "firebase-functions": "^5.1.1",
    "fireblocks-sdk": "^5.38.0",
    "xrpl": "^4.4.0"
  },
  "devDependencies": {
    "firebase-functions-test": "^3.1.0"
  },
  "private": true,
  "type": "module"
}
[debug] [2025-09-18T17:59:36.724Z] Building nodejs source
[info] i  functions: Loading and analyzing source code for codebase default to determine what to deploy 
[debug] [2025-09-18T17:59:36.725Z] Could not find functions.yaml. Must use http discovery
[debug] [2025-09-18T17:59:36.733Z] Found firebase-functions binary at '/Users/rambodrad/showbat3/functions/node_modules/.bin/firebase-functions'
[info] Serving at port 8656

[debug] [2025-09-18T17:59:37.464Z] Got response from /__/functions.yaml {"endpoints":{"fireblocksCreateDepositHandle":{"availableMemoryMb":null,"timeoutSeconds":null,"minInstances":null,"maxInstances":10,"ingressSettings":null,"concurrency":null,"serviceAccountEmail":null,"vpc":null,"platform":"gcfv2","region":["us-central1"],"secretEnvironmentVariables":[{"key":"FIREBLOCKS_API_KEY"},{"key":"FIREBLOCKS_API_PRIVATE_KEY"},{"key":"FIREBLOCKS_BASE_URL"}],"labels":{},"httpsTrigger":{},"entryPoint":"fireblocksCreateDepositHandle"},"fireblocksCreateOrGetVaults":{"availableMemoryMb":null,"timeoutSeconds":null,"minInstances":null,"maxInstances":5,"ingressSettings":null,"concurrency":null,"serviceAccountEmail":null,"vpc":null,"platform":"gcfv2","region":["us-central1"],"secretEnvironmentVariables":[{"key":"FIREBLOCKS_API_KEY"},{"key":"FIREBLOCKS_API_PRIVATE_KEY"},{"key":"FIREBLOCKS_BASE_URL"}],"labels":{},"httpsTrigger":{},"entryPoint":"fireblocksCreateOrGetVaults"},"fireblocksPing":{"availableMemoryMb":null,"timeoutSeconds":null,"minInstances":null,"maxInstances":5,"ingressSettings":null,"concurrency":null,"serviceAccountEmail":null,"vpc":null,"platform":"gcfv2","region":["us-central1"],"secretEnvironmentVariables":[{"key":"FIREBLOCKS_API_KEY"},{"key":"FIREBLOCKS_API_PRIVATE_KEY"},{"key":"FIREBLOCKS_BASE_URL"}],"labels":{},"httpsTrigger":{},"entryPoint":"fireblocksPing"},"fireblocksXrplSignDryRun":{"availableMemoryMb":null,"timeoutSeconds":null,"minInstances":null,"maxInstances":10,"ingressSettings":null,"concurrency":null,"serviceAccountEmail":null,"vpc":null,"platform":"gcfv2","region":["us-central1"],"secretEnvironmentVariables":[{"key":"FIREBLOCKS_API_KEY"},{"key":"FIREBLOCKS_API_PRIVATE_KEY"},{"key":"FIREBLOCKS_BASE_URL"}],"labels":{},"httpsTrigger":{},"entryPoint":"fireblocksXrplSignDryRun"},"transak":{"availableMemoryMb":null,"timeoutSeconds":null,"minInstances":null,"maxInstances":null,"ingressSettings":null,"concurrency":null,"serviceAccountEmail":null,"vpc":null,"platform":"gcfv2","secretEnvironmentVariables":[{"key":"TRANSAK_API_KEY"},{"key":"TRANSAK_API_SECRET"},{"key":"TRANSAK_ENV"},{"key":"TRANSAK_ALLOWED_ORIGINS"}],"labels":{},"httpsTrigger":{},"entryPoint":"transak"}},"specVersion":"v1alpha1","requiredAPIs":[],"extensions":{},"params":[{"type":"secret","name":"TRANSAK_API_KEY"},{"type":"secret","name":"TRANSAK_API_SECRET"},{"type":"secret","name":"TRANSAK_ENV"},{"type":"secret","name":"TRANSAK_ALLOWED_ORIGINS"},{"type":"secret","name":"FIREBLOCKS_API_KEY"},{"type":"secret","name":"FIREBLOCKS_API_PRIVATE_KEY"},{"type":"secret","name":"FIREBLOCKS_BASE_URL"}]}
[info] i  extensions: ensuring required API firebaseextensions.googleapis.com is enabled... 
[debug] [2025-09-18T17:59:41.529Z] > command requires scopes: ["email","openid","https://www.googleapis.com/auth/cloudplatformprojects.readonly","https://www.googleapis.com/auth/firebase","https://www.googleapis.com/auth/cloud-platform"]
[debug] [2025-09-18T17:59:41.529Z] > authorizing via signed-in user (admin@razzberry.ai)
[debug] [2025-09-18T17:59:41.529Z] [iam] checking project razz6-92831 for permissions ["firebase.projects.get","firebaseextensions.instances.list"]
[debug] [2025-09-18T17:59:41.529Z] Checked if tokens are valid: true, expires at: 1758221973020
[debug] [2025-09-18T17:59:41.529Z] Checked if tokens are valid: true, expires at: 1758221973020
[debug] [2025-09-18T17:59:41.530Z] >>> [apiv2][query] POST https://cloudresourcemanager.googleapis.com/v1/projects/razz6-92831:testIamPermissions [none]
[debug] [2025-09-18T17:59:41.530Z] >>> [apiv2][(partial)header] POST https://cloudresourcemanager.googleapis.com/v1/projects/razz6-92831:testIamPermissions x-goog-quota-user=projects/razz6-92831
[debug] [2025-09-18T17:59:41.530Z] >>> [apiv2][body] POST https://cloudresourcemanager.googleapis.com/v1/projects/razz6-92831:testIamPermissions {"permissions":["firebase.projects.get","firebaseextensions.instances.list"]}
[debug] [2025-09-18T17:59:41.649Z] <<< [apiv2][status] POST https://cloudresourcemanager.googleapis.com/v1/projects/razz6-92831:testIamPermissions 200
[debug] [2025-09-18T17:59:41.649Z] <<< [apiv2][body] POST https://cloudresourcemanager.googleapis.com/v1/projects/razz6-92831:testIamPermissions {"permissions":["firebase.projects.get","firebaseextensions.instances.list"]}
[debug] [2025-09-18T17:59:41.649Z] Checked if tokens are valid: true, expires at: 1758221973020
[debug] [2025-09-18T17:59:41.649Z] Checked if tokens are valid: true, expires at: 1758221973020
[debug] [2025-09-18T17:59:41.652Z] >>> [apiv2][query] GET https://firebaseextensions.googleapis.com/v1beta/projects/razz6-92831/instances pageSize=100&pageToken=
[debug] [2025-09-18T17:59:42.103Z] <<< [apiv2][status] GET https://firebaseextensions.googleapis.com/v1beta/projects/razz6-92831/instances 200
[debug] [2025-09-18T17:59:42.103Z] <<< [apiv2][body] GET https://firebaseextensions.googleapis.com/v1beta/projects/razz6-92831/instances {}
[debug] [2025-09-18T17:59:42.105Z] Checked if tokens are valid: true, expires at: 1758221973020
[debug] [2025-09-18T17:59:42.105Z] Checked if tokens are valid: true, expires at: 1758221973020
[debug] [2025-09-18T17:59:42.105Z] >>> [apiv2][query] GET https://secretmanager.googleapis.com/v1/projects/razz6-92831/secrets/TRANSAK_API_KEY [none]
[debug] [2025-09-18T17:59:42.302Z] <<< [apiv2][status] GET https://secretmanager.googleapis.com/v1/projects/razz6-92831/secrets/TRANSAK_API_KEY 200
[debug] [2025-09-18T17:59:42.302Z] <<< [apiv2][body] GET https://secretmanager.googleapis.com/v1/projects/razz6-92831/secrets/TRANSAK_API_KEY {"name":"projects/90435524032/secrets/TRANSAK_API_KEY","replication":{"automatic":{}},"createTime":"2025-09-09T14:24:37.014496Z","labels":{"firebase-managed":"functions"},"etag":"\"163e5f1059e985\""}
[debug] [2025-09-18T17:59:42.303Z] Checked if tokens are valid: true, expires at: 1758221973020
[debug] [2025-09-18T17:59:42.303Z] Checked if tokens are valid: true, expires at: 1758221973020
[debug] [2025-09-18T17:59:42.303Z] >>> [apiv2][query] GET https://secretmanager.googleapis.com/v1/projects/razz6-92831/secrets/TRANSAK_API_KEY/versions/latest [none]
[debug] [2025-09-18T17:59:42.414Z] <<< [apiv2][status] GET https://secretmanager.googleapis.com/v1/projects/razz6-92831/secrets/TRANSAK_API_KEY/versions/latest 200
[debug] [2025-09-18T17:59:42.414Z] <<< [apiv2][body] GET https://secretmanager.googleapis.com/v1/projects/razz6-92831/secrets/TRANSAK_API_KEY/versions/latest {"name":"projects/90435524032/secrets/TRANSAK_API_KEY/versions/3","createTime":"2025-09-16T16:45:24.821702Z","state":"ENABLED","replicationStatus":{"automatic":{}},"etag":"\"163eedd8bedac6\""}
[debug] [2025-09-18T17:59:42.415Z] Checked if tokens are valid: true, expires at: 1758221973020
[debug] [2025-09-18T17:59:42.415Z] Checked if tokens are valid: true, expires at: 1758221973020
[debug] [2025-09-18T17:59:42.415Z] >>> [apiv2][query] GET https://secretmanager.googleapis.com/v1/projects/razz6-92831/secrets/TRANSAK_API_SECRET [none]
[debug] [2025-09-18T17:59:42.524Z] <<< [apiv2][status] GET https://secretmanager.googleapis.com/v1/projects/razz6-92831/secrets/TRANSAK_API_SECRET 200
[debug] [2025-09-18T17:59:42.525Z] <<< [apiv2][body] GET https://secretmanager.googleapis.com/v1/projects/razz6-92831/secrets/TRANSAK_API_SECRET {"name":"projects/90435524032/secrets/TRANSAK_API_SECRET","replication":{"automatic":{}},"createTime":"2025-09-09T14:24:52.616082Z","labels":{"firebase-managed":"functions"},"etag":"\"163e5f11467225\""}
[debug] [2025-09-18T17:59:42.525Z] Checked if tokens are valid: true, expires at: 1758221973020
[debug] [2025-09-18T17:59:42.525Z] Checked if tokens are valid: true, expires at: 1758221973020
[debug] [2025-09-18T17:59:42.525Z] >>> [apiv2][query] GET https://secretmanager.googleapis.com/v1/projects/razz6-92831/secrets/TRANSAK_API_SECRET/versions/latest [none]
[debug] [2025-09-18T17:59:42.652Z] <<< [apiv2][status] GET https://secretmanager.googleapis.com/v1/projects/razz6-92831/secrets/TRANSAK_API_SECRET/versions/latest 200
[debug] [2025-09-18T17:59:42.652Z] <<< [apiv2][body] GET https://secretmanager.googleapis.com/v1/projects/razz6-92831/secrets/TRANSAK_API_SECRET/versions/latest {"name":"projects/90435524032/secrets/TRANSAK_API_SECRET/versions/3","createTime":"2025-09-16T16:47:50.999398Z","state":"ENABLED","replicationStatus":{"automatic":{}},"etag":"\"163eede1755966\""}
[debug] [2025-09-18T17:59:42.653Z] Checked if tokens are valid: true, expires at: 1758221973020
[debug] [2025-09-18T17:59:42.653Z] Checked if tokens are valid: true, expires at: 1758221973020
[debug] [2025-09-18T17:59:42.653Z] >>> [apiv2][query] GET https://secretmanager.googleapis.com/v1/projects/razz6-92831/secrets/TRANSAK_ENV [none]
[debug] [2025-09-18T17:59:42.750Z] <<< [apiv2][status] GET https://secretmanager.googleapis.com/v1/projects/razz6-92831/secrets/TRANSAK_ENV 200
[debug] [2025-09-18T17:59:42.751Z] <<< [apiv2][body] GET https://secretmanager.googleapis.com/v1/projects/razz6-92831/secrets/TRANSAK_ENV {"name":"projects/90435524032/secrets/TRANSAK_ENV","replication":{"automatic":{}},"createTime":"2025-09-09T14:45:32.778594Z","labels":{"firebase-managed":"functions"},"etag":"\"163e5f5b2ee9f2\""}
[debug] [2025-09-18T17:59:42.751Z] Checked if tokens are valid: true, expires at: 1758221973020
[debug] [2025-09-18T17:59:42.751Z] Checked if tokens are valid: true, expires at: 1758221973020
[debug] [2025-09-18T17:59:42.751Z] >>> [apiv2][query] GET https://secretmanager.googleapis.com/v1/projects/razz6-92831/secrets/TRANSAK_ENV/versions/latest [none]
[debug] [2025-09-18T17:59:42.861Z] <<< [apiv2][status] GET https://secretmanager.googleapis.com/v1/projects/razz6-92831/secrets/TRANSAK_ENV/versions/latest 200
[debug] [2025-09-18T17:59:42.862Z] <<< [apiv2][body] GET https://secretmanager.googleapis.com/v1/projects/razz6-92831/secrets/TRANSAK_ENV/versions/latest {"name":"projects/90435524032/secrets/TRANSAK_ENV/versions/2","createTime":"2025-09-16T03:47:21.432844Z","state":"ENABLED","replicationStatus":{"automatic":{}},"etag":"\"163ee2fa32df0c\""}
[debug] [2025-09-18T17:59:42.862Z] Checked if tokens are valid: true, expires at: 1758221973020
[debug] [2025-09-18T17:59:42.862Z] Checked if tokens are valid: true, expires at: 1758221973020
[debug] [2025-09-18T17:59:42.862Z] >>> [apiv2][query] GET https://secretmanager.googleapis.com/v1/projects/razz6-92831/secrets/TRANSAK_ALLOWED_ORIGINS [none]
[debug] [2025-09-18T17:59:42.962Z] <<< [apiv2][status] GET https://secretmanager.googleapis.com/v1/projects/razz6-92831/secrets/TRANSAK_ALLOWED_ORIGINS 200
[debug] [2025-09-18T17:59:42.962Z] <<< [apiv2][body] GET https://secretmanager.googleapis.com/v1/projects/razz6-92831/secrets/TRANSAK_ALLOWED_ORIGINS {"name":"projects/90435524032/secrets/TRANSAK_ALLOWED_ORIGINS","replication":{"automatic":{}},"createTime":"2025-09-09T15:10:47.796993Z","labels":{"firebase-managed":"functions"},"etag":"\"163e5fb57f031d\""}
[debug] [2025-09-18T17:59:42.963Z] Checked if tokens are valid: true, expires at: 1758221973020
[debug] [2025-09-18T17:59:42.963Z] Checked if tokens are valid: true, expires at: 1758221973020
[debug] [2025-09-18T17:59:42.963Z] >>> [apiv2][query] GET https://secretmanager.googleapis.com/v1/projects/razz6-92831/secrets/TRANSAK_ALLOWED_ORIGINS/versions/latest [none]
[debug] [2025-09-18T17:59:43.076Z] <<< [apiv2][status] GET https://secretmanager.googleapis.com/v1/projects/razz6-92831/secrets/TRANSAK_ALLOWED_ORIGINS/versions/latest 200
[debug] [2025-09-18T17:59:43.076Z] <<< [apiv2][body] GET https://secretmanager.googleapis.com/v1/projects/razz6-92831/secrets/TRANSAK_ALLOWED_ORIGINS/versions/latest {"name":"projects/90435524032/secrets/TRANSAK_ALLOWED_ORIGINS/versions/3","createTime":"2025-09-16T04:09:50.421900Z","state":"ENABLED","replicationStatus":{"automatic":{}},"etag":"\"163ee34a9acf8c\""}
[debug] [2025-09-18T17:59:43.077Z] Checked if tokens are valid: true, expires at: 1758221973020
[debug] [2025-09-18T17:59:43.077Z] Checked if tokens are valid: true, expires at: 1758221973020
[debug] [2025-09-18T17:59:43.077Z] >>> [apiv2][query] GET https://secretmanager.googleapis.com/v1/projects/razz6-92831/secrets/FIREBLOCKS_API_KEY [none]
[debug] [2025-09-18T17:59:43.179Z] <<< [apiv2][status] GET https://secretmanager.googleapis.com/v1/projects/razz6-92831/secrets/FIREBLOCKS_API_KEY 200
[debug] [2025-09-18T17:59:43.179Z] <<< [apiv2][body] GET https://secretmanager.googleapis.com/v1/projects/razz6-92831/secrets/FIREBLOCKS_API_KEY {"name":"projects/90435524032/secrets/FIREBLOCKS_API_KEY","replication":{"automatic":{}},"createTime":"2025-09-17T01:05:21.449672Z","labels":{"firebase-managed":"functions"},"etag":"\"163ef4d4b4c2d2\""}
[debug] [2025-09-18T17:59:43.179Z] Checked if tokens are valid: true, expires at: 1758221973020
[debug] [2025-09-18T17:59:43.179Z] Checked if tokens are valid: true, expires at: 1758221973020
[debug] [2025-09-18T17:59:43.180Z] >>> [apiv2][query] GET https://secretmanager.googleapis.com/v1/projects/razz6-92831/secrets/FIREBLOCKS_API_KEY/versions/latest [none]
[debug] [2025-09-18T17:59:43.289Z] <<< [apiv2][status] GET https://secretmanager.googleapis.com/v1/projects/razz6-92831/secrets/FIREBLOCKS_API_KEY/versions/latest 200
[debug] [2025-09-18T17:59:43.289Z] <<< [apiv2][body] GET https://secretmanager.googleapis.com/v1/projects/razz6-92831/secrets/FIREBLOCKS_API_KEY/versions/latest {"name":"projects/90435524032/secrets/FIREBLOCKS_API_KEY/versions/2","createTime":"2025-09-17T03:09:29.994757Z","state":"ENABLED","replicationStatus":{"automatic":{}},"etag":"\"163ef690a6da05\""}
[debug] [2025-09-18T17:59:43.289Z] Checked if tokens are valid: true, expires at: 1758221973020
[debug] [2025-09-18T17:59:43.289Z] Checked if tokens are valid: true, expires at: 1758221973020
[debug] [2025-09-18T17:59:43.289Z] >>> [apiv2][query] GET https://secretmanager.googleapis.com/v1/projects/razz6-92831/secrets/FIREBLOCKS_API_PRIVATE_KEY [none]
[debug] [2025-09-18T17:59:43.387Z] <<< [apiv2][status] GET https://secretmanager.googleapis.com/v1/projects/razz6-92831/secrets/FIREBLOCKS_API_PRIVATE_KEY 200
[debug] [2025-09-18T17:59:43.388Z] <<< [apiv2][body] GET https://secretmanager.googleapis.com/v1/projects/razz6-92831/secrets/FIREBLOCKS_API_PRIVATE_KEY {"name":"projects/90435524032/secrets/FIREBLOCKS_API_PRIVATE_KEY","replication":{"automatic":{}},"createTime":"2025-09-17T01:05:51.418971Z","labels":{"firebase-managed":"functions"},"etag":"\"163ef4d67c51a1\""}
[debug] [2025-09-18T17:59:43.388Z] Checked if tokens are valid: true, expires at: 1758221973020
[debug] [2025-09-18T17:59:43.388Z] Checked if tokens are valid: true, expires at: 1758221973020
[debug] [2025-09-18T17:59:43.388Z] >>> [apiv2][query] GET https://secretmanager.googleapis.com/v1/projects/razz6-92831/secrets/FIREBLOCKS_API_PRIVATE_KEY/versions/latest [none]
[debug] [2025-09-18T17:59:43.489Z] <<< [apiv2][status] GET https://secretmanager.googleapis.com/v1/projects/razz6-92831/secrets/FIREBLOCKS_API_PRIVATE_KEY/versions/latest 200
[debug] [2025-09-18T17:59:43.489Z] <<< [apiv2][body] GET https://secretmanager.googleapis.com/v1/projects/razz6-92831/secrets/FIREBLOCKS_API_PRIVATE_KEY/versions/latest {"name":"projects/90435524032/secrets/FIREBLOCKS_API_PRIVATE_KEY/versions/3","createTime":"2025-09-17T03:21:28.648065Z","state":"ENABLED","replicationStatus":{"automatic":{}},"etag":"\"163ef6bb7ca181\""}
[debug] [2025-09-18T17:59:43.489Z] Checked if tokens are valid: true, expires at: 1758221973020
[debug] [2025-09-18T17:59:43.489Z] Checked if tokens are valid: true, expires at: 1758221973020
[debug] [2025-09-18T17:59:43.489Z] >>> [apiv2][query] GET https://secretmanager.googleapis.com/v1/projects/razz6-92831/secrets/FIREBLOCKS_BASE_URL [none]
[debug] [2025-09-18T17:59:43.582Z] <<< [apiv2][status] GET https://secretmanager.googleapis.com/v1/projects/razz6-92831/secrets/FIREBLOCKS_BASE_URL 200
[debug] [2025-09-18T17:59:43.582Z] <<< [apiv2][body] GET https://secretmanager.googleapis.com/v1/projects/razz6-92831/secrets/FIREBLOCKS_BASE_URL {"name":"projects/90435524032/secrets/FIREBLOCKS_BASE_URL","replication":{"automatic":{}},"createTime":"2025-09-17T02:20:45.867387Z","labels":{"firebase-managed":"functions"},"etag":"\"163ef5e26187d7\""}
[debug] [2025-09-18T17:59:43.582Z] Checked if tokens are valid: true, expires at: 1758221973020
[debug] [2025-09-18T17:59:43.582Z] Checked if tokens are valid: true, expires at: 1758221973020
[debug] [2025-09-18T17:59:43.582Z] >>> [apiv2][query] GET https://secretmanager.googleapis.com/v1/projects/razz6-92831/secrets/FIREBLOCKS_BASE_URL/versions/latest [none]
[debug] [2025-09-18T17:59:43.688Z] <<< [apiv2][status] GET https://secretmanager.googleapis.com/v1/projects/razz6-92831/secrets/FIREBLOCKS_BASE_URL/versions/latest 200
[debug] [2025-09-18T17:59:43.688Z] <<< [apiv2][body] GET https://secretmanager.googleapis.com/v1/projects/razz6-92831/secrets/FIREBLOCKS_BASE_URL/versions/latest {"name":"projects/90435524032/secrets/FIREBLOCKS_BASE_URL/versions/2","createTime":"2025-09-17T02:55:55.532855Z","state":"ENABLED","replicationStatus":{"automatic":{}},"etag":"\"163ef6601b2637\""}
[info] i  functions: preparing functions directory for uploading... 
[info] i  functions: packaged /Users/rambodrad/showbat3/functions (84.82 KB) for uploading 
[debug] [2025-09-18T17:59:43.733Z] Checked if tokens are valid: true, expires at: 1758221973020
[debug] [2025-09-18T17:59:43.733Z] Checked if tokens are valid: true, expires at: 1758221973020
[debug] [2025-09-18T17:59:43.733Z] >>> [apiv2][query] GET https://cloudfunctions.googleapis.com/v1/projects/razz6-92831/locations/-/functions [none]
[debug] [2025-09-18T17:59:44.284Z] <<< [apiv2][status] GET https://cloudfunctions.googleapis.com/v1/projects/razz6-92831/locations/-/functions 200
[debug] [2025-09-18T17:59:44.285Z] <<< [apiv2][body] GET https://cloudfunctions.googleapis.com/v1/projects/razz6-92831/locations/-/functions {}
[debug] [2025-09-18T17:59:44.285Z] Checked if tokens are valid: true, expires at: 1758221973020
[debug] [2025-09-18T17:59:44.285Z] Checked if tokens are valid: true, expires at: 1758221973020
[debug] [2025-09-18T17:59:44.286Z] >>> [apiv2][query] GET https://cloudfunctions.googleapis.com/v2/projects/razz6-92831/locations/-/functions filter=environment%3D%22GEN_2%22
[debug] [2025-09-18T17:59:44.755Z] <<< [apiv2][status] GET https://cloudfunctions.googleapis.com/v2/projects/razz6-92831/locations/-/functions 200
[debug] [2025-09-18T17:59:44.755Z] <<< [apiv2][body] GET https://cloudfunctions.googleapis.com/v2/projects/razz6-92831/locations/-/functions {"functions":[{"name":"projects/razz6-92831/locations/us-central1/functions/fireblocksCreateDepositHandle","buildConfig":{"build":"projects/90435524032/locations/us-central1/builds/b5e0e32f-5ef7-44bc-9845-ac83bbbac1d7","runtime":"nodejs20","entryPoint":"fireblocksCreateDepositHandle","source":{"storageSource":{"bucket":"gcf-v2-sources-90435524032-us-central1","object":"fireblocksCreateDepositHandle/function-source.zip","generation":"1758213425120092"}},"environmentVariables":{"GOOGLE_NODE_RUN_SCRIPTS":""},"dockerRepository":"projects/razz6-92831/locations/us-central1/repositories/gcf-artifacts","sourceProvenance":{"resolvedStorageSource":{"bucket":"gcf-v2-sources-90435524032-us-central1","object":"fireblocksCreateDepositHandle/function-source.zip","generation":"1758213425120092"}},"dockerRegistry":"ARTIFACT_REGISTRY","serviceAccount":"projects/razz6-92831/serviceAccounts/90435524032-compute@developer.gserviceaccount.com","automaticUpdatePolicy":{}},"serviceConfig":{"service":"projects/razz6-92831/locations/us-central1/services/fireblockscreatedeposithandle","timeoutSeconds":60,"environmentVariables":{"FIREBASE_CONFIG":"{\"projectId\":\"razz6-92831\",\"storageBucket\":\"razz6-92831.firebasestorage.app\"}","GCLOUD_PROJECT":"razz6-92831","EVENTARC_CLOUD_EVENT_SOURCE":"projects/razz6-92831/locations/us-central1/services/fireblocksCreateDepositHandle","FUNCTION_TARGET":"fireblocksCreateDepositHandle","LOG_EXECUTION_ID":"true"},"maxInstanceCount":10,"ingressSettings":"ALLOW_ALL","uri":"https://fireblockscreatedeposithandle-7s2wtl2nka-uc.a.run.app","serviceAccountEmail":"90435524032-compute@developer.gserviceaccount.com","availableMemory":"256Mi","allTrafficOnLatestRevision":true,"secretEnvironmentVariables":[{"key":"FIREBLOCKS_API_KEY","projectId":"razz6-92831","secret":"FIREBLOCKS_API_KEY","version":"2"},{"key":"FIREBLOCKS_API_PRIVATE_KEY","projectId":"razz6-92831","secret":"FIREBLOCKS_API_PRIVATE_KEY","version":"3"},{"key":"FIREBLOCKS_BASE_URL","projectId":"razz6-92831","secret":"FIREBLOCKS_BASE_URL","version":"2"}],"revision":"fireblockscreatedeposithandle-00003-xup","maxInstanceRequestConcurrency":80,"availableCpu":"1"},"state":"ACTIVE","updateTime":"2025-09-18T16:38:00.096277697Z","labels":{"deployment-tool":"cli-firebase","firebase-functions-hash":"9580f0913fa8bc8a2c69dba0e01d0b0c4b13004a"},"environment":"GEN_2","url":"https://us-central1-razz6-92831.cloudfunctions.net/fireblocksCreateDepositHandle","createTime":"2025-09-18T15:56:15.603428792Z","satisfiesPzi":true},{"name":"projects/razz6-92831/locations/us-central1/functions/transcodeArtistIntroV2","buildConfig":{"build":"projects/90435524032/locations/us-central1/builds/60d34b4f-ee29-4210-a996-a5a41876c00c","runtime":"nodejs20","entryPoint":"transcodeArtistIntroV2","source":{"storageSource":{"bucket":"gcf-v2-sources-90435524032-us-central1","object":"transcodeArtistIntroV2/function-source.zip","generation":"1757437242036356"}},"environmentVariables":{"GOOGLE_NODE_RUN_SCRIPTS":""},"dockerRepository":"projects/razz6-92831/locations/us-central1/repositories/gcf-artifacts","sourceProvenance":{"resolvedStorageSource":{"bucket":"gcf-v2-sources-90435524032-us-central1","object":"transcodeArtistIntroV2/function-source.zip","generation":"1757437242036356"}},"dockerRegistry":"ARTIFACT_REGISTRY","serviceAccount":"projects/razz6-92831/serviceAccounts/90435524032-compute@developer.gserviceaccount.com","automaticUpdatePolicy":{}},"state":"FAILED","updateTime":"2025-09-09T17:01:01.454628828Z","labels":{"firebase-functions-hash":"4258d21cb4dd62e00c17930115b7d9ca8d6093c8","deployment-tool":"cli-firebase"},"stateMessages":[{"severity":"ERROR","type":"CloudRunServiceNotFound","message":"Cloud Run service projects/razz6-92831/locations/us-central1/services/transcodeartistintrov2 for the function was not found. The function will not work correctly. Please redeploy."},{"severity":"ERROR","type":"EventarcTriggerNotFound","message":"Eventarc trigger projects/razz6-92831/locations/us-central1/triggers/transcodeartistintrov2-389917 for the function was not found. The function may not work correctly. Please redeploy."}],"environment":"GEN_2","url":"https://us-central1-razz6-92831.cloudfunctions.net/transcodeArtistIntroV2","createTime":"2025-09-09T17:00:42.903599476Z","satisfiesPzi":true},{"name":"projects/razz6-92831/locations/us-central1/functions/createTransakSession","buildConfig":{"build":"projects/90435524032/locations/us-central1/builds/5c9564db-a662-496e-a242-961ebd90ef1f","runtime":"nodejs20","entryPoint":"createTransakSession","source":{"storageSource":{"bucket":"gcf-v2-sources-90435524032-us-central1","object":"createTransakSession/function-source.zip","generation":"1757434559720452"}},"environmentVariables":{"GOOGLE_NODE_RUN_SCRIPTS":""},"dockerRepository":"projects/razz6-92831/locations/us-central1/repositories/gcf-artifacts","sourceProvenance":{"resolvedStorageSource":{"bucket":"gcf-v2-sources-90435524032-us-central1","object":"createTransakSession/function-source.zip","generation":"1757434559720452"}},"dockerRegistry":"ARTIFACT_REGISTRY","serviceAccount":"projects/razz6-92831/serviceAccounts/90435524032-compute@developer.gserviceaccount.com","automaticUpdatePolicy":{}},"state":"UNKNOWN","updateTime":"2025-09-10T14:05:28.458379178Z","labels":{"firebase-functions-hash":"1ecbba6a9f54bfc4472943845a8ef26e9c212dd6","deployment-tool":"cli-firebase"},"stateMessages":[{"severity":"ERROR","type":"CloudRunServiceNotFound","message":"Cloud Run service projects/razz6-92831/locations/us-central1/services/createtransaksession for the function was not found. The function will not work correctly. Please redeploy."}],"environment":"GEN_2","url":"https://us-central1-razz6-92831.cloudfunctions.net/createTransakSession","createTime":"2025-09-09T16:16:00.064400411Z","satisfiesPzi":true},{"name":"projects/razz6-92831/locations/us-central1/functions/transak","buildConfig":{"build":"projects/90435524032/locations/us-central1/builds/b5e0e32f-5ef7-44bc-9845-ac83bbbac1d7","runtime":"nodejs20","entryPoint":"transak","source":{"storageSource":{"bucket":"gcf-v2-sources-90435524032-us-central1","object":"transak/function-source.zip","generation":"1758213474428520"}},"environmentVariables":{"GOOGLE_NODE_RUN_SCRIPTS":""},"dockerRepository":"projects/razz6-92831/locations/us-central1/repositories/gcf-artifacts","sourceProvenance":{"resolvedStorageSource":{"bucket":"gcf-v2-sources-90435524032-us-central1","object":"transak/function-source.zip","generation":"1758213474428520"}},"dockerRegistry":"ARTIFACT_REGISTRY","serviceAccount":"projects/razz6-92831/serviceAccounts/90435524032-compute@developer.gserviceaccount.com","automaticUpdatePolicy":{}},"serviceConfig":{"service":"projects/razz6-92831/locations/us-central1/services/transak","timeoutSeconds":60,"environmentVariables":{"FIREBASE_CONFIG":"{\"projectId\":\"razz6-92831\",\"storageBucket\":\"razz6-92831.firebasestorage.app\"}","GCLOUD_PROJECT":"razz6-92831","EVENTARC_CLOUD_EVENT_SOURCE":"projects/razz6-92831/locations/us-central1/services/transak","FUNCTION_TARGET":"transak","LOG_EXECUTION_ID":"true","FUNCTION_SIGNATURE_TYPE":"http"},"maxInstanceCount":20,"ingressSettings":"ALLOW_ALL","uri":"https://transak-7s2wtl2nka-uc.a.run.app","serviceAccountEmail":"90435524032-compute@developer.gserviceaccount.com","availableMemory":"256Mi","allTrafficOnLatestRevision":true,"secretEnvironmentVariables":[{"key":"TRANSAK_API_KEY","projectId":"razz6-92831","secret":"TRANSAK_API_KEY","version":"3"},{"key":"TRANSAK_API_SECRET","projectId":"razz6-92831","secret":"TRANSAK_API_SECRET","version":"3"},{"key":"TRANSAK_ENV","projectId":"razz6-92831","secret":"TRANSAK_ENV","version":"2"},{"key":"TRANSAK_ALLOWED_ORIGINS","projectId":"razz6-92831","secret":"TRANSAK_ALLOWED_ORIGINS","version":"3"}],"revision":"transak-00016-lit","maxInstanceRequestConcurrency":80,"availableCpu":"1"},"state":"ACTIVE","updateTime":"2025-09-18T16:38:03.179091846Z","labels":{"deployment-tool":"cli-firebase","firebase-functions-hash":"3296dd264c351f13a0aae239b247ceda1eb93ab4"},"environment":"GEN_2","url":"https://us-central1-razz6-92831.cloudfunctions.net/transak","createTime":"2025-09-11T01:48:22.731422230Z","satisfiesPzi":true},{"name":"projects/razz6-92831/locations/us-central1/functions/fireblocksCreateOrGetVaults","buildConfig":{"build":"projects/90435524032/locations/us-central1/builds/b5e0e32f-5ef7-44bc-9845-ac83bbbac1d7","runtime":"nodejs20","entryPoint":"fireblocksCreateOrGetVaults","source":{"storageSource":{"bucket":"gcf-v2-sources-90435524032-us-central1","object":"fireblocksCreateOrGetVaults/function-source.zip","generation":"1758213474355388"}},"environmentVariables":{"GOOGLE_NODE_RUN_SCRIPTS":""},"dockerRepository":"projects/razz6-92831/locations/us-central1/repositories/gcf-artifacts","sourceProvenance":{"resolvedStorageSource":{"bucket":"gcf-v2-sources-90435524032-us-central1","object":"fireblocksCreateOrGetVaults/function-source.zip","generation":"1758213474355388"}},"dockerRegistry":"ARTIFACT_REGISTRY","serviceAccount":"projects/razz6-92831/serviceAccounts/90435524032-compute@developer.gserviceaccount.com","automaticUpdatePolicy":{}},"serviceConfig":{"service":"projects/razz6-92831/locations/us-central1/services/fireblockscreateorgetvaults","timeoutSeconds":60,"environmentVariables":{"FIREBASE_CONFIG":"{\"projectId\":\"razz6-92831\",\"storageBucket\":\"razz6-92831.firebasestorage.app\"}","GCLOUD_PROJECT":"razz6-92831","EVENTARC_CLOUD_EVENT_SOURCE":"projects/razz6-92831/locations/us-central1/services/fireblocksCreateOrGetVaults","FUNCTION_TARGET":"fireblocksCreateOrGetVaults","LOG_EXECUTION_ID":"true","FUNCTION_SIGNATURE_TYPE":"http"},"maxInstanceCount":5,"ingressSettings":"ALLOW_ALL","uri":"https://fireblockscreateorgetvaults-7s2wtl2nka-uc.a.run.app","serviceAccountEmail":"90435524032-compute@developer.gserviceaccount.com","availableMemory":"256Mi","allTrafficOnLatestRevision":true,"secretEnvironmentVariables":[{"key":"FIREBLOCKS_API_KEY","projectId":"razz6-92831","secret":"FIREBLOCKS_API_KEY","version":"2"},{"key":"FIREBLOCKS_API_PRIVATE_KEY","projectId":"razz6-92831","secret":"FIREBLOCKS_API_PRIVATE_KEY","version":"3"},{"key":"FIREBLOCKS_BASE_URL","projectId":"razz6-92831","secret":"FIREBLOCKS_BASE_URL","version":"2"}],"revision":"fireblockscreateorgetvaults-00004-cag","maxInstanceRequestConcurrency":80,"availableCpu":"1"},"state":"ACTIVE","updateTime":"2025-09-18T16:38:02.515012683Z","labels":{"deployment-tool":"cli-firebase","firebase-functions-hash":"9580f0913fa8bc8a2c69dba0e01d0b0c4b13004a"},"environment":"GEN_2","url":"https://us-central1-razz6-92831.cloudfunctions.net/fireblocksCreateOrGetVaults","createTime":"2025-09-17T03:38:45.117269001Z","satisfiesPzi":true},{"name":"projects/razz6-92831/locations/us-central1/functions/helloWorld","buildConfig":{"build":"projects/90435524032/locations/us-central1/builds/0a1e77bc-f485-456f-af14-9b5bf52d28c3","runtime":"nodejs20","entryPoint":"helloWorld","source":{"storageSource":{"bucket":"gcf-v2-sources-90435524032-us-central1","object":"helloWorld/function-source.zip","generation":"1757513263963358"}},"environmentVariables":{"GOOGLE_NODE_RUN_SCRIPTS":""},"dockerRepository":"projects/razz6-92831/locations/us-central1/repositories/gcf-artifacts","sourceProvenance":{"resolvedStorageSource":{"bucket":"gcf-v2-sources-90435524032-us-central1","object":"helloWorld/function-source.zip","generation":"1757513263963358"}},"dockerRegistry":"ARTIFACT_REGISTRY","serviceAccount":"projects/razz6-92831/serviceAccounts/90435524032-compute@developer.gserviceaccount.com","automaticUpdatePolicy":{}},"state":"FAILED","updateTime":"2025-09-10T14:08:05.558937248Z","labels":{"deployment-tool":"cli-firebase","firebase-functions-hash":"e73f7e1a89b2e4a039b4fcbf873e970d706d9120"},"stateMessages":[{"severity":"ERROR","type":"CloudRunServiceNotFound","message":"Cloud Run service projects/razz6-92831/locations/us-central1/services/helloworld for the function was not found. The function will not work correctly. Please redeploy."}],"environment":"GEN_2","url":"https://us-central1-razz6-92831.cloudfunctions.net/helloWorld","createTime":"2025-09-10T14:07:44.216038263Z","satisfiesPzi":true},{"name":"projects/razz6-92831/locations/us-central1/functions/fireblocksPing","buildConfig":{"build":"projects/90435524032/locations/us-central1/builds/b5e0e32f-5ef7-44bc-9845-ac83bbbac1d7","runtime":"nodejs20","entryPoint":"fireblocksPing","source":{"storageSource":{"bucket":"gcf-v2-sources-90435524032-us-central1","object":"fireblocksPing/function-source.zip","generation":"1758213474436358"}},"environmentVariables":{"GOOGLE_NODE_RUN_SCRIPTS":""},"dockerRepository":"projects/razz6-92831/locations/us-central1/repositories/gcf-artifacts","sourceProvenance":{"resolvedStorageSource":{"bucket":"gcf-v2-sources-90435524032-us-central1","object":"fireblocksPing/function-source.zip","generation":"1758213474436358"}},"dockerRegistry":"ARTIFACT_REGISTRY","serviceAccount":"projects/razz6-92831/serviceAccounts/90435524032-compute@developer.gserviceaccount.com","automaticUpdatePolicy":{}},"serviceConfig":{"service":"projects/razz6-92831/locations/us-central1/services/fireblocksping","timeoutSeconds":60,"environmentVariables":{"FIREBASE_CONFIG":"{\"projectId\":\"razz6-92831\",\"storageBucket\":\"razz6-92831.firebasestorage.app\"}","GCLOUD_PROJECT":"razz6-92831","EVENTARC_CLOUD_EVENT_SOURCE":"projects/razz6-92831/locations/us-central1/services/fireblocksPing","FUNCTION_TARGET":"fireblocksPing","LOG_EXECUTION_ID":"true","FUNCTION_SIGNATURE_TYPE":"http"},"maxInstanceCount":5,"ingressSettings":"ALLOW_ALL","uri":"https://fireblocksping-7s2wtl2nka-uc.a.run.app","serviceAccountEmail":"90435524032-compute@developer.gserviceaccount.com","availableMemory":"256Mi","allTrafficOnLatestRevision":true,"secretEnvironmentVariables":[{"key":"FIREBLOCKS_API_KEY","projectId":"razz6-92831","secret":"FIREBLOCKS_API_KEY","version":"2"},{"key":"FIREBLOCKS_API_PRIVATE_KEY","projectId":"razz6-92831","secret":"FIREBLOCKS_API_PRIVATE_KEY","version":"3"},{"key":"FIREBLOCKS_BASE_URL","projectId":"razz6-92831","secret":"FIREBLOCKS_BASE_URL","version":"2"}],"revision":"fireblocksping-00006-tuq","maxInstanceRequestConcurrency":80,"availableCpu":"1"},"state":"ACTIVE","updateTime":"2025-09-18T16:38:03.392578921Z","labels":{"firebase-functions-hash":"9580f0913fa8bc8a2c69dba0e01d0b0c4b13004a","deployment-tool":"cli-firebase"},"environment":"GEN_2","url":"https://us-central1-razz6-92831.cloudfunctions.net/fireblocksPing","createTime":"2025-09-17T02:22:48.130734736Z","satisfiesPzi":true}]}
[info] i  functions: ensuring required API run.googleapis.com is enabled... 
[info] i  functions: ensuring required API eventarc.googleapis.com is enabled... 
[info] i  functions: ensuring required API pubsub.googleapis.com is enabled... 
[info] i  functions: ensuring required API storage.googleapis.com is enabled... 
[info] i  functions: generating the service identity for pubsub.googleapis.com... 
[debug] [2025-09-18T17:59:44.758Z] Checked if tokens are valid: true, expires at: 1758221973020
[debug] [2025-09-18T17:59:44.758Z] Checked if tokens are valid: true, expires at: 1758221973020
[info] i  functions: generating the service identity for eventarc.googleapis.com... 
[debug] [2025-09-18T17:59:44.759Z] Checked if tokens are valid: true, expires at: 1758221973020
[debug] [2025-09-18T17:59:44.759Z] Checked if tokens are valid: true, expires at: 1758221973020
[debug] [2025-09-18T17:59:44.759Z] >>> [apiv2][query] POST https://serviceusage.googleapis.com/v1beta1/projects/90435524032/services/pubsub.googleapis.com:generateServiceIdentity [none]
[debug] [2025-09-18T17:59:44.759Z] >>> [apiv2][(partial)header] POST https://serviceusage.googleapis.com/v1beta1/projects/90435524032/services/pubsub.googleapis.com:generateServiceIdentity x-goog-quota-user=projects/90435524032
[debug] [2025-09-18T17:59:44.759Z] >>> [apiv2][body] POST https://serviceusage.googleapis.com/v1beta1/projects/90435524032/services/pubsub.googleapis.com:generateServiceIdentity {}
[debug] [2025-09-18T17:59:44.760Z] >>> [apiv2][query] POST https://serviceusage.googleapis.com/v1beta1/projects/90435524032/services/eventarc.googleapis.com:generateServiceIdentity [none]
[debug] [2025-09-18T17:59:44.760Z] >>> [apiv2][(partial)header] POST https://serviceusage.googleapis.com/v1beta1/projects/90435524032/services/eventarc.googleapis.com:generateServiceIdentity x-goog-quota-user=projects/90435524032
[debug] [2025-09-18T17:59:44.760Z] >>> [apiv2][body] POST https://serviceusage.googleapis.com/v1beta1/projects/90435524032/services/eventarc.googleapis.com:generateServiceIdentity {}
[debug] [2025-09-18T17:59:45.306Z] <<< [apiv2][status] POST https://serviceusage.googleapis.com/v1beta1/projects/90435524032/services/eventarc.googleapis.com:generateServiceIdentity 200
[debug] [2025-09-18T17:59:45.306Z] <<< [apiv2][body] POST https://serviceusage.googleapis.com/v1beta1/projects/90435524032/services/eventarc.googleapis.com:generateServiceIdentity {"name":"operations/finished.DONE_OPERATION","done":true,"response":{"@type":"type.googleapis.com/google.api.serviceusage.v1beta1.ServiceIdentity","email":"service-90435524032@gcp-sa-eventarc.iam.gserviceaccount.com","uniqueId":"104272995973583466137"}}
[debug] [2025-09-18T17:59:45.363Z] <<< [apiv2][status] POST https://serviceusage.googleapis.com/v1beta1/projects/90435524032/services/pubsub.googleapis.com:generateServiceIdentity 200
[debug] [2025-09-18T17:59:45.364Z] <<< [apiv2][body] POST https://serviceusage.googleapis.com/v1beta1/projects/90435524032/services/pubsub.googleapis.com:generateServiceIdentity {"name":"operations/finished.DONE_OPERATION","done":true,"response":{"@type":"type.googleapis.com/google.api.serviceusage.v1beta1.ServiceIdentity","email":"service-90435524032@gcp-sa-pubsub.iam.gserviceaccount.com","uniqueId":"102892043980089819054"}}
[info] i  functions: ensuring required API secretmanager.googleapis.com is enabled... 
[debug] [2025-09-18T17:59:45.367Z] Checked if tokens are valid: true, expires at: 1758221973020
[debug] [2025-09-18T17:59:45.367Z] Checked if tokens are valid: true, expires at: 1758221973020
[debug] [2025-09-18T17:59:45.367Z] Checked if tokens are valid: true, expires at: 1758221973020
[debug] [2025-09-18T17:59:45.367Z] Checked if tokens are valid: true, expires at: 1758221973020
[debug] [2025-09-18T17:59:45.367Z] Checked if tokens are valid: true, expires at: 1758221973020
[debug] [2025-09-18T17:59:45.367Z] Checked if tokens are valid: true, expires at: 1758221973020
[debug] [2025-09-18T17:59:45.367Z] Checked if tokens are valid: true, expires at: 1758221973020
[debug] [2025-09-18T17:59:45.367Z] Checked if tokens are valid: true, expires at: 1758221973020
[debug] [2025-09-18T17:59:45.367Z] Checked if tokens are valid: true, expires at: 1758221973020
[debug] [2025-09-18T17:59:45.367Z] Checked if tokens are valid: true, expires at: 1758221973020
[debug] [2025-09-18T17:59:45.367Z] Checked if tokens are valid: true, expires at: 1758221973020
[debug] [2025-09-18T17:59:45.367Z] Checked if tokens are valid: true, expires at: 1758221973020
[debug] [2025-09-18T17:59:45.368Z] Checked if tokens are valid: true, expires at: 1758221973020
[debug] [2025-09-18T17:59:45.368Z] Checked if tokens are valid: true, expires at: 1758221973020
[debug] [2025-09-18T17:59:45.368Z] >>> [apiv2][query] GET https://secretmanager.googleapis.com/v1/projects/razz6-92831/secrets/FIREBLOCKS_API_KEY/versions/latest [none]
[debug] [2025-09-18T17:59:45.368Z] >>> [apiv2][query] GET https://secretmanager.googleapis.com/v1/projects/razz6-92831/secrets/FIREBLOCKS_API_PRIVATE_KEY/versions/latest [none]
[debug] [2025-09-18T17:59:45.371Z] >>> [apiv2][query] GET https://secretmanager.googleapis.com/v1/projects/razz6-92831/secrets/FIREBLOCKS_BASE_URL/versions/latest [none]
[debug] [2025-09-18T17:59:45.373Z] >>> [apiv2][query] GET https://secretmanager.googleapis.com/v1/projects/razz6-92831/secrets/TRANSAK_API_KEY/versions/latest [none]
[debug] [2025-09-18T17:59:45.374Z] >>> [apiv2][query] GET https://secretmanager.googleapis.com/v1/projects/razz6-92831/secrets/TRANSAK_API_SECRET/versions/latest [none]
[debug] [2025-09-18T17:59:45.376Z] >>> [apiv2][query] GET https://secretmanager.googleapis.com/v1/projects/razz6-92831/secrets/TRANSAK_ENV/versions/latest [none]
[debug] [2025-09-18T17:59:45.377Z] >>> [apiv2][query] GET https://secretmanager.googleapis.com/v1/projects/razz6-92831/secrets/TRANSAK_ALLOWED_ORIGINS/versions/latest [none]
[debug] [2025-09-18T17:59:45.475Z] <<< [apiv2][status] GET https://secretmanager.googleapis.com/v1/projects/razz6-92831/secrets/FIREBLOCKS_API_KEY/versions/latest 200
[debug] [2025-09-18T17:59:45.475Z] <<< [apiv2][body] GET https://secretmanager.googleapis.com/v1/projects/razz6-92831/secrets/FIREBLOCKS_API_KEY/versions/latest {"name":"projects/90435524032/secrets/FIREBLOCKS_API_KEY/versions/2","createTime":"2025-09-17T03:09:29.994757Z","state":"ENABLED","replicationStatus":{"automatic":{}},"etag":"\"163ef690a6da05\""}
[debug] [2025-09-18T17:59:45.475Z] Resolved secret version of FIREBLOCKS_API_KEY to 2.
[debug] [2025-09-18T17:59:45.542Z] <<< [apiv2][status] GET https://secretmanager.googleapis.com/v1/projects/razz6-92831/secrets/TRANSAK_ALLOWED_ORIGINS/versions/latest 200
[debug] [2025-09-18T17:59:45.542Z] <<< [apiv2][body] GET https://secretmanager.googleapis.com/v1/projects/razz6-92831/secrets/TRANSAK_ALLOWED_ORIGINS/versions/latest {"name":"projects/90435524032/secrets/TRANSAK_ALLOWED_ORIGINS/versions/3","createTime":"2025-09-16T04:09:50.421900Z","state":"ENABLED","replicationStatus":{"automatic":{}},"etag":"\"163ee34a9acf8c\""}
[debug] [2025-09-18T17:59:45.542Z] Resolved secret version of TRANSAK_ALLOWED_ORIGINS to 3.
[debug] [2025-09-18T17:59:45.542Z] <<< [apiv2][status] GET https://secretmanager.googleapis.com/v1/projects/razz6-92831/secrets/TRANSAK_API_KEY/versions/latest 200
[debug] [2025-09-18T17:59:45.543Z] <<< [apiv2][body] GET https://secretmanager.googleapis.com/v1/projects/razz6-92831/secrets/TRANSAK_API_KEY/versions/latest {"name":"projects/90435524032/secrets/TRANSAK_API_KEY/versions/3","createTime":"2025-09-16T16:45:24.821702Z","state":"ENABLED","replicationStatus":{"automatic":{}},"etag":"\"163eedd8bedac6\""}
[debug] [2025-09-18T17:59:45.543Z] Resolved secret version of TRANSAK_API_KEY to 3.
[debug] [2025-09-18T17:59:45.543Z] <<< [apiv2][status] GET https://secretmanager.googleapis.com/v1/projects/razz6-92831/secrets/TRANSAK_API_SECRET/versions/latest 200
[debug] [2025-09-18T17:59:45.543Z] <<< [apiv2][body] GET https://secretmanager.googleapis.com/v1/projects/razz6-92831/secrets/TRANSAK_API_SECRET/versions/latest {"name":"projects/90435524032/secrets/TRANSAK_API_SECRET/versions/3","createTime":"2025-09-16T16:47:50.999398Z","state":"ENABLED","replicationStatus":{"automatic":{}},"etag":"\"163eede1755966\""}
[debug] [2025-09-18T17:59:45.543Z] Resolved secret version of TRANSAK_API_SECRET to 3.
[debug] [2025-09-18T17:59:45.570Z] <<< [apiv2][status] GET https://secretmanager.googleapis.com/v1/projects/razz6-92831/secrets/FIREBLOCKS_API_PRIVATE_KEY/versions/latest 200
[debug] [2025-09-18T17:59:45.571Z] <<< [apiv2][body] GET https://secretmanager.googleapis.com/v1/projects/razz6-92831/secrets/FIREBLOCKS_API_PRIVATE_KEY/versions/latest {"name":"projects/90435524032/secrets/FIREBLOCKS_API_PRIVATE_KEY/versions/3","createTime":"2025-09-17T03:21:28.648065Z","state":"ENABLED","replicationStatus":{"automatic":{}},"etag":"\"163ef6bb7ca181\""}
[debug] [2025-09-18T17:59:45.571Z] Resolved secret version of FIREBLOCKS_API_PRIVATE_KEY to 3.
[debug] [2025-09-18T17:59:45.614Z] <<< [apiv2][status] GET https://secretmanager.googleapis.com/v1/projects/razz6-92831/secrets/FIREBLOCKS_BASE_URL/versions/latest 200
[debug] [2025-09-18T17:59:45.614Z] <<< [apiv2][body] GET https://secretmanager.googleapis.com/v1/projects/razz6-92831/secrets/FIREBLOCKS_BASE_URL/versions/latest {"name":"projects/90435524032/secrets/FIREBLOCKS_BASE_URL/versions/2","createTime":"2025-09-17T02:55:55.532855Z","state":"ENABLED","replicationStatus":{"automatic":{}},"etag":"\"163ef6601b2637\""}
[debug] [2025-09-18T17:59:45.614Z] Resolved secret version of FIREBLOCKS_BASE_URL to 2.
[debug] [2025-09-18T17:59:45.885Z] <<< [apiv2][status] GET https://secretmanager.googleapis.com/v1/projects/razz6-92831/secrets/TRANSAK_ENV/versions/latest 200
[debug] [2025-09-18T17:59:45.885Z] <<< [apiv2][body] GET https://secretmanager.googleapis.com/v1/projects/razz6-92831/secrets/TRANSAK_ENV/versions/latest {"name":"projects/90435524032/secrets/TRANSAK_ENV/versions/2","createTime":"2025-09-16T03:47:21.432844Z","state":"ENABLED","replicationStatus":{"automatic":{}},"etag":"\"163ee2fa32df0c\""}
[debug] [2025-09-18T17:59:45.885Z] Resolved secret version of TRANSAK_ENV to 2.
[debug] [2025-09-18T17:59:45.886Z] Checked if tokens are valid: true, expires at: 1758221973020
[debug] [2025-09-18T17:59:45.886Z] Checked if tokens are valid: true, expires at: 1758221973020
[debug] [2025-09-18T17:59:45.886Z] >>> [apiv2][query] GET https://cloudresourcemanager.googleapis.com/v1/projects/razz6-92831 [none]
[debug] [2025-09-18T17:59:46.012Z] <<< [apiv2][status] GET https://cloudresourcemanager.googleapis.com/v1/projects/razz6-92831 200
[debug] [2025-09-18T17:59:46.012Z] <<< [apiv2][body] GET https://cloudresourcemanager.googleapis.com/v1/projects/razz6-92831 {"projectNumber":"90435524032","projectId":"razz6-92831","lifecycleState":"ACTIVE","name":"razz6","labels":{"firebase":"enabled","firebase-core":"disabled"},"createTime":"2025-05-12T13:59:29.538329Z","parent":{"type":"organization","id":"1129183310"}}
[debug] [2025-09-18T17:59:46.013Z] Checked if tokens are valid: true, expires at: 1758221973020
[debug] [2025-09-18T17:59:46.013Z] Checked if tokens are valid: true, expires at: 1758221973020
[debug] [2025-09-18T17:59:46.013Z] >>> [apiv2][query] GET https://compute.googleapis.com/compute/v1/projects/90435524032 [none]
[debug] [2025-09-18T17:59:46.377Z] <<< [apiv2][status] GET https://compute.googleapis.com/compute/v1/projects/90435524032 200
[debug] [2025-09-18T17:59:46.377Z] <<< [apiv2][body] GET https://compute.googleapis.com/compute/v1/projects/90435524032 {"kind":"compute#project","id":"8507181694937182829","creationTimestamp":"2025-09-10T16:40:50.485-07:00","name":"razz6-92831","commonInstanceMetadata":{"kind":"compute#metadata","fingerprint":"hIo2WVo6cGM="},"quotas":[{"metric":"SNAPSHOTS","limit":1000,"usage":0},{"metric":"NETWORKS","limit":5,"usage":1},{"metric":"FIREWALLS","limit":100,"usage":4},{"metric":"IMAGES","limit":100,"usage":0},{"metric":"STATIC_ADDRESSES","limit":8,"usage":0},{"metric":"ROUTES","limit":200,"usage":0},{"metric":"FORWARDING_RULES","limit":15,"usage":0},{"metric":"TARGET_POOLS","limit":50,"usage":0},{"metric":"HEALTH_CHECKS","limit":75,"usage":0},{"metric":"IN_USE_ADDRESSES","limit":8,"usage":0},{"metric":"TARGET_INSTANCES","limit":50,"usage":0},{"metric":"TARGET_HTTP_PROXIES","limit":10,"usage":0},{"metric":"URL_MAPS","limit":10,"usage":0},{"metric":"BACKEND_SERVICES","limit":50,"usage":0},{"metric":"INSTANCE_TEMPLATES","limit":100,"usage":0},{"metric":"TARGET_VPN_GATEWAYS","limit":5,"usage":0},{"metric":"VPN_TUNNELS","limit":10,"usage":0},{"metric":"BACKEND_BUCKETS","limit":3,"usage":0},{"metric":"ROUTERS","limit":10,"usage":0},{"metric":"TARGET_SSL_PROXIES","limit":10,"usage":0},{"metric":"TARGET_HTTPS_PROXIES","limit":10,"usage":0},{"metric":"SSL_CERTIFICATES","limit":10,"usage":0},{"metric":"SUBNETWORKS","limit":100,"usage":0},{"metric":"TARGET_TCP_PROXIES","limit":10,"usage":0},{"metric":"CPUS_ALL_REGIONS","limit":32,"usage":0},{"metric":"SECURITY_POLICIES","limit":10,"usage":0},{"metric":"SECURITY_POLICY_RULES","limit":100,"usage":0},{"metric":"XPN_SERVICE_PROJECTS","limit":1000,"usage":0},{"metric":"PACKET_MIRRORINGS","limit":20,"usage":0},{"metric":"NETWORK_ENDPOINT_GROUPS","limit":100,"usage":0},{"metric":"INTERCONNECTS","limit":6,"usage":0},{"metric":"SSL_POLICIES","limit":10,"usage":0},{"metric":"GLOBAL_INTERNAL_ADDRESSES","limit":5000,"usage":0},{"metric":"VPN_GATEWAYS","limit":5,"usage":0},{"metric":"MACHINE_IMAGES","limit":100,"usage":0},{"metric":"SECURITY_POLICY_CEVAL_RULES","limit":20,"usage":0},{"metric":"GPUS_ALL_REGIONS","limit":0,"usage":0},{"metric":"EXTERNAL_VPN_GATEWAYS","limit":5,"usage":0},{"metric":"PUBLIC_ADVERTISED_PREFIXES","limit":1,"usage":0},{"metric":"PUBLIC_DELEGATED_PREFIXES","limit":10,"usage":0},{"metric":"STATIC_BYOIP_ADDRESSES","limit":128,"usage":0},{"metric":"NETWORK_FIREWALL_POLICIES","limit":10,"usage":0},{"metric":"INTERNAL_TRAFFIC_DIRECTOR_FORWARDING_RULES","limit":15,"usage":0},{"metric":"GLOBAL_EXTERNAL_MANAGED_FORWARDING_RULES","limit":15,"usage":0},{"metric":"GLOBAL_INTERNAL_MANAGED_BACKEND_SERVICES","limit":50,"usage":0},{"metric":"GLOBAL_EXTERNAL_MANAGED_BACKEND_SERVICES","limit":50,"usage":0},{"metric":"GLOBAL_EXTERNAL_PROXY_LB_BACKEND_SERVICES","limit":50,"usage":0},{"metric":"GLOBAL_INTERNAL_TRAFFIC_DIRECTOR_BACKEND_SERVICES","limit":250,"usage":0}],"selfLink":"https://www.googleapis.com/compute/v1/projects/razz6-92831","defaultServiceAccount":"90435524032-compute@developer.gserviceaccount.com","xpnProjectStatus":"UNSPECIFIED_XPN_PROJECT_STATUS","defaultNetworkTier":"PREMIUM","vmDnsSetting":"ZONAL_ONLY","cloudArmorTier":"CA_STANDARD"}
[debug] [2025-09-18T17:59:46.380Z] Checked if tokens are valid: true, expires at: 1758221973020
[debug] [2025-09-18T17:59:46.380Z] Checked if tokens are valid: true, expires at: 1758221973020
[debug] [2025-09-18T17:59:46.380Z] >>> [apiv2][query] GET https://cloudbilling.googleapis.com/v1/projects/razz6-92831/billingInfo [none]
[debug] [2025-09-18T17:59:46.805Z] <<< [apiv2][status] GET https://cloudbilling.googleapis.com/v1/projects/razz6-92831/billingInfo 200
[debug] [2025-09-18T17:59:46.805Z] <<< [apiv2][body] GET https://cloudbilling.googleapis.com/v1/projects/razz6-92831/billingInfo {"name":"projects/razz6-92831/billingInfo","projectId":"razz6-92831","billingAccountName":"billingAccounts/01293A-3AA3C1-557855","billingEnabled":true}
[debug] [2025-09-18T17:59:46.806Z] [functions] found 1 new HTTP functions, testing setIamPolicy permission...
[debug] [2025-09-18T17:59:46.807Z] Checked if tokens are valid: true, expires at: 1758221973020
[debug] [2025-09-18T17:59:46.807Z] Checked if tokens are valid: true, expires at: 1758221973020
[debug] [2025-09-18T17:59:46.807Z] >>> [apiv2][query] POST https://cloudresourcemanager.googleapis.com/v1/projects/razz6-92831:testIamPermissions [none]
[debug] [2025-09-18T17:59:46.807Z] >>> [apiv2][(partial)header] POST https://cloudresourcemanager.googleapis.com/v1/projects/razz6-92831:testIamPermissions x-goog-quota-user=projects/razz6-92831
[debug] [2025-09-18T17:59:46.807Z] >>> [apiv2][body] POST https://cloudresourcemanager.googleapis.com/v1/projects/razz6-92831:testIamPermissions {"permissions":["cloudfunctions.functions.setIamPolicy"]}
[debug] [2025-09-18T17:59:46.872Z] <<< [apiv2][status] POST https://cloudresourcemanager.googleapis.com/v1/projects/razz6-92831:testIamPermissions 200
[debug] [2025-09-18T17:59:46.872Z] <<< [apiv2][body] POST https://cloudresourcemanager.googleapis.com/v1/projects/razz6-92831:testIamPermissions {"permissions":["cloudfunctions.functions.setIamPolicy"]}
[debug] [2025-09-18T17:59:46.872Z] [functions] found setIamPolicy permission, proceeding with deploy
[debug] [2025-09-18T17:59:46.873Z] Checked if tokens are valid: true, expires at: 1758221973020
[debug] [2025-09-18T17:59:46.873Z] Checked if tokens are valid: true, expires at: 1758221973020
[debug] [2025-09-18T17:59:46.873Z] >>> [apiv2][query] POST https://cloudfunctions.googleapis.com/v2/projects/razz6-92831/locations/us-central1/functions:generateUploadUrl [none]
[debug] [2025-09-18T17:59:47.066Z] <<< [apiv2][status] POST https://cloudfunctions.googleapis.com/v2/projects/razz6-92831/locations/us-central1/functions:generateUploadUrl 200
[debug] [2025-09-18T17:59:47.066Z] <<< [apiv2][body] POST https://cloudfunctions.googleapis.com/v2/projects/razz6-92831/locations/us-central1/functions:generateUploadUrl {"uploadUrl":"https://storage.googleapis.com/gcf-v2-uploads-90435524032.us-central1.cloudfunctions.appspot.com/4869d5fa-bb81-43d2-a474-4d85ca2c6c80.zip?GoogleAccessId=service-90435524032@gcf-admin-robot.iam.gserviceaccount.com&Expires=1758220187&Signature=WK64Tl5pShdd3xHheirlkO5dGGojJPcDm%2FEijWkTtGelSJ%2BXFZny7L0FEb%2BOS1wyISVMIQ8I%2Fhmjuw1w5msMSgiL5%2FGgsQ02GFWue9iqgTCJI8TdF0Dg7EXs%2F4HdgWeqHbfFLCGqeDzr4p3NP%2FhTokO%2FOD8h6BvfiHKShmcFmk0c774%2FLhOA4CPJ5i%2FTVQpkf5uQMtIr5VbmV4SFZxgjPhPc7nwuT%2F%2BQNrlyAj0%2FVRT6FnJk8e%2B9cusJwhqs7ueHgvAEdeQ13plFHGo53wQhiB522aUo5psQSia3aM3UbZvphRYFhIR4R9EuYZHSZMPlp1R7XNwiNypwTixF2CYklw%3D%3D","storageSource":{"bucket":"gcf-v2-uploads-90435524032.us-central1.cloudfunctions.appspot.com","object":"4869d5fa-bb81-43d2-a474-4d85ca2c6c80.zip"}}
[debug] [2025-09-18T17:59:47.067Z] >>> [apiv2][query] PUT https://storage.googleapis.com/gcf-v2-uploads-90435524032.us-central1.cloudfunctions.appspot.com/4869d5fa-bb81-43d2-a474-4d85ca2c6c80.zip GoogleAccessId=service-90435524032%40gcf-admin-robot.iam.gserviceaccount.com&Expires=1758220187&Signature=WK64Tl5pShdd3xHheirlkO5dGGojJPcDm%2FEijWkTtGelSJ%2BXFZny7L0FEb%2BOS1wyISVMIQ8I%2Fhmjuw1w5msMSgiL5%2FGgsQ02GFWue9iqgTCJI8TdF0Dg7EXs%2F4HdgWeqHbfFLCGqeDzr4p3NP%2FhTokO%2FOD8h6BvfiHKShmcFmk0c774%2FLhOA4CPJ5i%2FTVQpkf5uQMtIr5VbmV4SFZxgjPhPc7nwuT%2F%2BQNrlyAj0%2FVRT6FnJk8e%2B9cusJwhqs7ueHgvAEdeQ13plFHGo53wQhiB522aUo5psQSia3aM3UbZvphRYFhIR4R9EuYZHSZMPlp1R7XNwiNypwTixF2CYklw%3D%3D
[debug] [2025-09-18T17:59:47.068Z] >>> [apiv2][body] PUT https://storage.googleapis.com/gcf-v2-uploads-90435524032.us-central1.cloudfunctions.appspot.com/4869d5fa-bb81-43d2-a474-4d85ca2c6c80.zip [stream]
[debug] [2025-09-18T17:59:47.364Z] <<< [apiv2][status] PUT https://storage.googleapis.com/gcf-v2-uploads-90435524032.us-central1.cloudfunctions.appspot.com/4869d5fa-bb81-43d2-a474-4d85ca2c6c80.zip 200
[debug] [2025-09-18T17:59:47.365Z] <<< [apiv2][body] PUT https://storage.googleapis.com/gcf-v2-uploads-90435524032.us-central1.cloudfunctions.appspot.com/4869d5fa-bb81-43d2-a474-4d85ca2c6c80.zip [omitted]
[info] ✔  functions: functions folder uploaded successfully 
[info] i  functions: creating Node.js 20 (2nd Gen) function fireblocksXrplSignDryRun(us-central1)... 
[info] i  functions: updating Node.js 20 (2nd Gen) function fireblocksCreateDepositHandle(us-central1)... 
[info] i  functions: updating Node.js 20 (2nd Gen) function fireblocksCreateOrGetVaults(us-central1)... 
[info] i  functions: updating Node.js 20 (2nd Gen) function fireblocksPing(us-central1)... 
[info] i  functions: updating Node.js 20 (2nd Gen) function transak(us-central1)... 
[debug] [2025-09-18T17:59:47.374Z] Checked if tokens are valid: true, expires at: 1758221973020
[debug] [2025-09-18T17:59:47.374Z] Checked if tokens are valid: true, expires at: 1758221973020
[debug] [2025-09-18T17:59:47.374Z] >>> [apiv2][query] POST https://cloudfunctions.googleapis.com/v2/projects/razz6-92831/locations/us-central1/functions functionId=fireblocksXrplSignDryRun
[debug] [2025-09-18T17:59:47.374Z] >>> [apiv2][body] POST https://cloudfunctions.googleapis.com/v2/projects/razz6-92831/locations/us-central1/functions {"name":"projects/razz6-92831/locations/us-central1/functions/fireblocksXrplSignDryRun","buildConfig":{"runtime":"nodejs20","entryPoint":"fireblocksXrplSignDryRun","source":{"storageSource":{"bucket":"gcf-v2-uploads-90435524032.us-central1.cloudfunctions.appspot.com","object":"4869d5fa-bb81-43d2-a474-4d85ca2c6c80.zip"}},"environmentVariables":{"GOOGLE_NODE_RUN_SCRIPTS":""}},"serviceConfig":{"environmentVariables":{"FIREBASE_CONFIG":"{\"projectId\":\"razz6-92831\",\"storageBucket\":\"razz6-92831.firebasestorage.app\"}","GCLOUD_PROJECT":"razz6-92831","EVENTARC_CLOUD_EVENT_SOURCE":"projects/razz6-92831/locations/us-central1/services/fireblocksXrplSignDryRun","FUNCTION_TARGET":"fireblocksXrplSignDryRun","LOG_EXECUTION_ID":"true"},"secretEnvironmentVariables":[{"key":"FIREBLOCKS_API_KEY","secret":"FIREBLOCKS_API_KEY","projectId":"razz6-92831","version":"2"},{"key":"FIREBLOCKS_API_PRIVATE_KEY","secret":"FIREBLOCKS_API_PRIVATE_KEY","projectId":"razz6-92831","version":"3"},{"key":"FIREBLOCKS_BASE_URL","secret":"FIREBLOCKS_BASE_URL","projectId":"razz6-92831","version":"2"}],"ingressSettings":null,"timeoutSeconds":null,"serviceAccountEmail":null,"availableMemory":"256Mi","minInstanceCount":null,"maxInstanceCount":10,"maxInstanceRequestConcurrency":80,"availableCpu":"1","vpcConnector":null,"vpcConnectorEgressSettings":null},"labels":{"deployment-tool":"cli-firebase","firebase-functions-hash":"fbe2dd90c21b5d11e74f033dd8bbf680332cdb4e"}}
[debug] [2025-09-18T17:59:48.168Z] <<< [apiv2][status] POST https://cloudfunctions.googleapis.com/v2/projects/razz6-92831/locations/us-central1/functions 200
[debug] [2025-09-18T17:59:48.168Z] <<< [apiv2][body] POST https://cloudfunctions.googleapis.com/v2/projects/razz6-92831/locations/us-central1/functions {"name":"projects/razz6-92831/locations/us-central1/operations/operation-1758218387688-63f171e6f8a9b-e858c1e7-85219a20","metadata":{"@type":"type.googleapis.com/google.cloud.functions.v2.OperationMetadata","createTime":"2025-09-18T17:59:48.199963673Z","target":"projects/razz6-92831/locations/us-central1/functions/fireblocksXrplSignDryRun","verb":"create","cancelRequested":false,"apiVersion":"v2"},"done":false}
[debug] [2025-09-18T17:59:48.169Z] Checked if tokens are valid: true, expires at: 1758221973020
[debug] [2025-09-18T17:59:48.169Z] Checked if tokens are valid: true, expires at: 1758221973020
[debug] [2025-09-18T17:59:48.169Z] >>> [apiv2][query] GET https://cloudfunctions.googleapis.com/v2/projects/razz6-92831/locations/us-central1/operations/operation-1758218387688-63f171e6f8a9b-e858c1e7-85219a20 [none]
[debug] [2025-09-18T17:59:48.446Z] <<< [apiv2][status] GET https://cloudfunctions.googleapis.com/v2/projects/razz6-92831/locations/us-central1/operations/operation-1758218387688-63f171e6f8a9b-e858c1e7-85219a20 200
[debug] [2025-09-18T17:59:48.446Z] <<< [apiv2][body] GET https://cloudfunctions.googleapis.com/v2/projects/razz6-92831/locations/us-central1/operations/operation-1758218387688-63f171e6f8a9b-e858c1e7-85219a20 {"name":"projects/razz6-92831/locations/us-central1/operations/operation-1758218387688-63f171e6f8a9b-e858c1e7-85219a20","metadata":{"@type":"type.googleapis.com/google.cloud.functions.v2.OperationMetadata","createTime":"2025-09-18T17:59:48.199963673Z","target":"projects/razz6-92831/locations/us-central1/functions/fireblocksXrplSignDryRun","verb":"create","cancelRequested":false,"apiVersion":"v2","requestResource":{"@type":"type.googleapis.com/google.cloud.functions.v2.Function","name":"projects/razz6-92831/locations/us-central1/functions/fireblocksXrplSignDryRun","buildConfig":{"runtime":"nodejs20","entryPoint":"fireblocksXrplSignDryRun","source":{"storageSource":{"bucket":"gcf-v2-sources-90435524032-us-central1","object":"fireblocksXrplSignDryRun/function-source.zip","generation":"1758218387941148"}},"environmentVariables":{"GOOGLE_NODE_RUN_SCRIPTS":""},"serviceAccount":"projects/razz6-92831/serviceAccounts/90435524032-compute@developer.gserviceaccount.com","automaticUpdatePolicy":{}},"serviceConfig":{"service":"projects/razz6-92831/locations/us-central1/services/fireblocksxrplsigndryrun","timeoutSeconds":60,"environmentVariables":{"FIREBASE_CONFIG":"{\"projectId\":\"razz6-92831\",\"storageBucket\":\"razz6-92831.firebasestorage.app\"}","GCLOUD_PROJECT":"razz6-92831","EVENTARC_CLOUD_EVENT_SOURCE":"projects/razz6-92831/locations/us-central1/services/fireblocksXrplSignDryRun","FUNCTION_TARGET":"fireblocksXrplSignDryRun","LOG_EXECUTION_ID":"true"},"maxInstanceCount":10,"ingressSettings":"ALLOW_ALL","serviceAccountEmail":"90435524032-compute@developer.gserviceaccount.com","availableMemory":"256Mi","secretEnvironmentVariables":[{"key":"FIREBLOCKS_API_KEY","projectId":"razz6-92831","secret":"FIREBLOCKS_API_KEY","version":"2"},{"key":"FIREBLOCKS_API_PRIVATE_KEY","projectId":"razz6-92831","secret":"FIREBLOCKS_API_PRIVATE_KEY","version":"3"},{"key":"FIREBLOCKS_BASE_URL","projectId":"razz6-92831","secret":"FIREBLOCKS_BASE_URL","version":"2"}],"maxInstanceRequestConcurrency":80,"availableCpu":"1"},"labels":{"deployment-tool":"cli-firebase","firebase-functions-hash":"fbe2dd90c21b5d11e74f033dd8bbf680332cdb4e"},"environment":"GEN_2"},"stages":[{"name":"BUILD","state":"NOT_STARTED"},{"name":"SERVICE","state":"NOT_STARTED"}],"operationType":"CREATE_FUNCTION"},"done":false}
[debug] [2025-09-18T17:59:48.948Z] [create-default-us-central1-fireblocksXrplSignDryRun] Retrying task index 0
[debug] [2025-09-18T17:59:48.949Z] Checked if tokens are valid: true, expires at: 1758221973020
[debug] [2025-09-18T17:59:48.949Z] Checked if tokens are valid: true, expires at: 1758221973020
[debug] [2025-09-18T17:59:48.950Z] >>> [apiv2][query] GET https://cloudfunctions.googleapis.com/v2/projects/razz6-92831/locations/us-central1/operations/operation-1758218387688-63f171e6f8a9b-e858c1e7-85219a20 [none]
[debug] [2025-09-18T17:59:49.230Z] <<< [apiv2][status] GET https://cloudfunctions.googleapis.com/v2/projects/razz6-92831/locations/us-central1/operations/operation-1758218387688-63f171e6f8a9b-e858c1e7-85219a20 200
[debug] [2025-09-18T17:59:49.231Z] <<< [apiv2][body] GET https://cloudfunctions.googleapis.com/v2/projects/razz6-92831/locations/us-central1/operations/operation-1758218387688-63f171e6f8a9b-e858c1e7-85219a20 {"name":"projects/razz6-92831/locations/us-central1/operations/operation-1758218387688-63f171e6f8a9b-e858c1e7-85219a20","metadata":{"@type":"type.googleapis.com/google.cloud.functions.v2.OperationMetadata","createTime":"2025-09-18T17:59:48.199963673Z","target":"projects/razz6-92831/locations/us-central1/functions/fireblocksXrplSignDryRun","verb":"create","cancelRequested":false,"apiVersion":"v2","requestResource":{"@type":"type.googleapis.com/google.cloud.functions.v2.Function","name":"projects/razz6-92831/locations/us-central1/functions/fireblocksXrplSignDryRun","buildConfig":{"runtime":"nodejs20","entryPoint":"fireblocksXrplSignDryRun","source":{"storageSource":{"bucket":"gcf-v2-sources-90435524032-us-central1","object":"fireblocksXrplSignDryRun/function-source.zip","generation":"1758218387941148"}},"environmentVariables":{"GOOGLE_NODE_RUN_SCRIPTS":""},"serviceAccount":"projects/razz6-92831/serviceAccounts/90435524032-compute@developer.gserviceaccount.com","automaticUpdatePolicy":{}},"serviceConfig":{"service":"projects/razz6-92831/locations/us-central1/services/fireblocksxrplsigndryrun","timeoutSeconds":60,"environmentVariables":{"FIREBASE_CONFIG":"{\"projectId\":\"razz6-92831\",\"storageBucket\":\"razz6-92831.firebasestorage.app\"}","GCLOUD_PROJECT":"razz6-92831","EVENTARC_CLOUD_EVENT_SOURCE":"projects/razz6-92831/locations/us-central1/services/fireblocksXrplSignDryRun","FUNCTION_TARGET":"fireblocksXrplSignDryRun","LOG_EXECUTION_ID":"true"},"maxInstanceCount":10,"ingressSettings":"ALLOW_ALL","serviceAccountEmail":"90435524032-compute@developer.gserviceaccount.com","availableMemory":"256Mi","secretEnvironmentVariables":[{"key":"FIREBLOCKS_API_KEY","projectId":"razz6-92831","secret":"FIREBLOCKS_API_KEY","version":"2"},{"key":"FIREBLOCKS_API_PRIVATE_KEY","projectId":"razz6-92831","secret":"FIREBLOCKS_API_PRIVATE_KEY","version":"3"},{"key":"FIREBLOCKS_BASE_URL","projectId":"razz6-92831","secret":"FIREBLOCKS_BASE_URL","version":"2"}],"maxInstanceRequestConcurrency":80,"availableCpu":"1"},"labels":{"deployment-tool":"cli-firebase","firebase-functions-hash":"fbe2dd90c21b5d11e74f033dd8bbf680332cdb4e"},"environment":"GEN_2"},"stages":[{"name":"BUILD","message":"Creating build","state":"IN_PROGRESS","resource":"projects/90435524032/locations/us-central1/builds/0f88c4b6-e3b2-43d0-b281-d3b5edc129bd","resourceUri":"https://console.cloud.google.com/cloud-build/builds;region=us-central1/0f88c4b6-e3b2-43d0-b281-d3b5edc129bd?project=90435524032"},{"name":"SERVICE","state":"NOT_STARTED"}],"operationType":"CREATE_FUNCTION","buildName":"projects/90435524032/locations/us-central1/builds/0f88c4b6-e3b2-43d0-b281-d3b5edc129bd"},"done":false}
[debug] [2025-09-18T17:59:50.236Z] [create-default-us-central1-fireblocksXrplSignDryRun] Retrying task index 0
[debug] [2025-09-18T17:59:50.267Z] Checked if tokens are valid: true, expires at: 1758221973020
[debug] [2025-09-18T17:59:50.276Z] Checked if tokens are valid: true, expires at: 1758221973020
[debug] [2025-09-18T17:59:50.281Z] >>> [apiv2][query] GET https://cloudfunctions.googleapis.com/v2/projects/razz6-92831/locations/us-central1/operations/operation-1758218387688-63f171e6f8a9b-e858c1e7-85219a20 [none]
[debug] [2025-09-18T17:59:50.424Z] <<< [apiv2][status] GET https://cloudfunctions.googleapis.com/v2/projects/razz6-92831/locations/us-central1/operations/operation-1758218387688-63f171e6f8a9b-e858c1e7-85219a20 200
[debug] [2025-09-18T17:59:50.425Z] <<< [apiv2][body] GET https://cloudfunctions.googleapis.com/v2/projects/razz6-92831/locations/us-central1/operations/operation-1758218387688-63f171e6f8a9b-e858c1e7-85219a20 {"name":"projects/razz6-92831/locations/us-central1/operations/operation-1758218387688-63f171e6f8a9b-e858c1e7-85219a20","metadata":{"@type":"type.googleapis.com/google.cloud.functions.v2.OperationMetadata","createTime":"2025-09-18T17:59:48.199963673Z","target":"projects/razz6-92831/locations/us-central1/functions/fireblocksXrplSignDryRun","verb":"create","cancelRequested":false,"apiVersion":"v2","requestResource":{"@type":"type.googleapis.com/google.cloud.functions.v2.Function","name":"projects/razz6-92831/locations/us-central1/functions/fireblocksXrplSignDryRun","buildConfig":{"runtime":"nodejs20","entryPoint":"fireblocksXrplSignDryRun","source":{"storageSource":{"bucket":"gcf-v2-sources-90435524032-us-central1","object":"fireblocksXrplSignDryRun/function-source.zip","generation":"1758218387941148"}},"environmentVariables":{"GOOGLE_NODE_RUN_SCRIPTS":""},"serviceAccount":"projects/razz6-92831/serviceAccounts/90435524032-compute@developer.gserviceaccount.com","automaticUpdatePolicy":{}},"serviceConfig":{"service":"projects/razz6-92831/locations/us-central1/services/fireblocksxrplsigndryrun","timeoutSeconds":60,"environmentVariables":{"FIREBASE_CONFIG":"{\"projectId\":\"razz6-92831\",\"storageBucket\":\"razz6-92831.firebasestorage.app\"}","GCLOUD_PROJECT":"razz6-92831","EVENTARC_CLOUD_EVENT_SOURCE":"projects/razz6-92831/locations/us-central1/services/fireblocksXrplSignDryRun","FUNCTION_TARGET":"fireblocksXrplSignDryRun","LOG_EXECUTION_ID":"true"},"maxInstanceCount":10,"ingressSettings":"ALLOW_ALL","serviceAccountEmail":"90435524032-compute@developer.gserviceaccount.com","availableMemory":"256Mi","secretEnvironmentVariables":[{"key":"FIREBLOCKS_API_KEY","projectId":"razz6-92831","secret":"FIREBLOCKS_API_KEY","version":"2"},{"key":"FIREBLOCKS_API_PRIVATE_KEY","projectId":"razz6-92831","secret":"FIREBLOCKS_API_PRIVATE_KEY","version":"3"},{"key":"FIREBLOCKS_BASE_URL","projectId":"razz6-92831","secret":"FIREBLOCKS_BASE_URL","version":"2"}],"maxInstanceRequestConcurrency":80,"availableCpu":"1"},"labels":{"deployment-tool":"cli-firebase","firebase-functions-hash":"fbe2dd90c21b5d11e74f033dd8bbf680332cdb4e"},"environment":"GEN_2"},"stages":[{"name":"BUILD","message":"Build in progress","state":"IN_PROGRESS","resource":"projects/90435524032/locations/us-central1/builds/0f88c4b6-e3b2-43d0-b281-d3b5edc129bd","resourceUri":"https://console.cloud.google.com/cloud-build/builds;region=us-central1/0f88c4b6-e3b2-43d0-b281-d3b5edc129bd?project=90435524032"},{"name":"SERVICE","state":"NOT_STARTED"}],"operationType":"CREATE_FUNCTION","buildName":"projects/90435524032/locations/us-central1/builds/0f88c4b6-e3b2-43d0-b281-d3b5edc129bd"},"done":false}
[debug] [2025-09-18T17:59:52.427Z] [create-default-us-central1-fireblocksXrplSignDryRun] Retrying task index 0
[debug] [2025-09-18T17:59:52.430Z] Checked if tokens are valid: true, expires at: 1758221973020
[debug] [2025-09-18T17:59:52.430Z] Checked if tokens are valid: true, expires at: 1758221973020
[debug] [2025-09-18T17:59:52.431Z] >>> [apiv2][query] GET https://cloudfunctions.googleapis.com/v2/projects/razz6-92831/locations/us-central1/operations/operation-1758218387688-63f171e6f8a9b-e858c1e7-85219a20 [none]
[debug] [2025-09-18T17:59:52.706Z] <<< [apiv2][status] GET https://cloudfunctions.googleapis.com/v2/projects/razz6-92831/locations/us-central1/operations/operation-1758218387688-63f171e6f8a9b-e858c1e7-85219a20 200
[debug] [2025-09-18T17:59:52.706Z] <<< [apiv2][body] GET https://cloudfunctions.googleapis.com/v2/projects/razz6-92831/locations/us-central1/operations/operation-1758218387688-63f171e6f8a9b-e858c1e7-85219a20 {"name":"projects/razz6-92831/locations/us-central1/operations/operation-1758218387688-63f171e6f8a9b-e858c1e7-85219a20","metadata":{"@type":"type.googleapis.com/google.cloud.functions.v2.OperationMetadata","createTime":"2025-09-18T17:59:48.199963673Z","target":"projects/razz6-92831/locations/us-central1/functions/fireblocksXrplSignDryRun","verb":"create","cancelRequested":false,"apiVersion":"v2","requestResource":{"@type":"type.googleapis.com/google.cloud.functions.v2.Function","name":"projects/razz6-92831/locations/us-central1/functions/fireblocksXrplSignDryRun","buildConfig":{"runtime":"nodejs20","entryPoint":"fireblocksXrplSignDryRun","source":{"storageSource":{"bucket":"gcf-v2-sources-90435524032-us-central1","object":"fireblocksXrplSignDryRun/function-source.zip","generation":"1758218387941148"}},"environmentVariables":{"GOOGLE_NODE_RUN_SCRIPTS":""},"serviceAccount":"projects/razz6-92831/serviceAccounts/90435524032-compute@developer.gserviceaccount.com","automaticUpdatePolicy":{}},"serviceConfig":{"service":"projects/razz6-92831/locations/us-central1/services/fireblocksxrplsigndryrun","timeoutSeconds":60,"environmentVariables":{"FIREBASE_CONFIG":"{\"projectId\":\"razz6-92831\",\"storageBucket\":\"razz6-92831.firebasestorage.app\"}","GCLOUD_PROJECT":"razz6-92831","EVENTARC_CLOUD_EVENT_SOURCE":"projects/razz6-92831/locations/us-central1/services/fireblocksXrplSignDryRun","FUNCTION_TARGET":"fireblocksXrplSignDryRun","LOG_EXECUTION_ID":"true"},"maxInstanceCount":10,"ingressSettings":"ALLOW_ALL","serviceAccountEmail":"90435524032-compute@developer.gserviceaccount.com","availableMemory":"256Mi","secretEnvironmentVariables":[{"key":"FIREBLOCKS_API_KEY","projectId":"razz6-92831","secret":"FIREBLOCKS_API_KEY","version":"2"},{"key":"FIREBLOCKS_API_PRIVATE_KEY","projectId":"razz6-92831","secret":"FIREBLOCKS_API_PRIVATE_KEY","version":"3"},{"key":"FIREBLOCKS_BASE_URL","projectId":"razz6-92831","secret":"FIREBLOCKS_BASE_URL","version":"2"}],"maxInstanceRequestConcurrency":80,"availableCpu":"1"},"labels":{"deployment-tool":"cli-firebase","firebase-functions-hash":"fbe2dd90c21b5d11e74f033dd8bbf680332cdb4e"},"environment":"GEN_2"},"stages":[{"name":"BUILD","message":"Build in progress","state":"IN_PROGRESS","resource":"projects/90435524032/locations/us-central1/builds/0f88c4b6-e3b2-43d0-b281-d3b5edc129bd","resourceUri":"https://console.cloud.google.com/cloud-build/builds;region=us-central1/0f88c4b6-e3b2-43d0-b281-d3b5edc129bd?project=90435524032"},{"name":"SERVICE","state":"NOT_STARTED"}],"operationType":"CREATE_FUNCTION","buildName":"projects/90435524032/locations/us-central1/builds/0f88c4b6-e3b2-43d0-b281-d3b5edc129bd"},"done":false}
[debug] [2025-09-18T17:59:56.708Z] [create-default-us-central1-fireblocksXrplSignDryRun] Retrying task index 0
[debug] [2025-09-18T17:59:56.711Z] Checked if tokens are valid: true, expires at: 1758221973020
[debug] [2025-09-18T17:59:56.711Z] Checked if tokens are valid: true, expires at: 1758221973020
[debug] [2025-09-18T17:59:56.712Z] >>> [apiv2][query] GET https://cloudfunctions.googleapis.com/v2/projects/razz6-92831/locations/us-central1/operations/operation-1758218387688-63f171e6f8a9b-e858c1e7-85219a20 [none]
[debug] [2025-09-18T17:59:57.004Z] <<< [apiv2][status] GET https://cloudfunctions.googleapis.com/v2/projects/razz6-92831/locations/us-central1/operations/operation-1758218387688-63f171e6f8a9b-e858c1e7-85219a20 200
[debug] [2025-09-18T17:59:57.005Z] <<< [apiv2][body] GET https://cloudfunctions.googleapis.com/v2/projects/razz6-92831/locations/us-central1/operations/operation-1758218387688-63f171e6f8a9b-e858c1e7-85219a20 {"name":"projects/razz6-92831/locations/us-central1/operations/operation-1758218387688-63f171e6f8a9b-e858c1e7-85219a20","metadata":{"@type":"type.googleapis.com/google.cloud.functions.v2.OperationMetadata","createTime":"2025-09-18T17:59:48.199963673Z","target":"projects/razz6-92831/locations/us-central1/functions/fireblocksXrplSignDryRun","verb":"create","cancelRequested":false,"apiVersion":"v2","requestResource":{"@type":"type.googleapis.com/google.cloud.functions.v2.Function","name":"projects/razz6-92831/locations/us-central1/functions/fireblocksXrplSignDryRun","buildConfig":{"runtime":"nodejs20","entryPoint":"fireblocksXrplSignDryRun","source":{"storageSource":{"bucket":"gcf-v2-sources-90435524032-us-central1","object":"fireblocksXrplSignDryRun/function-source.zip","generation":"1758218387941148"}},"environmentVariables":{"GOOGLE_NODE_RUN_SCRIPTS":""},"serviceAccount":"projects/razz6-92831/serviceAccounts/90435524032-compute@developer.gserviceaccount.com","automaticUpdatePolicy":{}},"serviceConfig":{"service":"projects/razz6-92831/locations/us-central1/services/fireblocksxrplsigndryrun","timeoutSeconds":60,"environmentVariables":{"FIREBASE_CONFIG":"{\"projectId\":\"razz6-92831\",\"storageBucket\":\"razz6-92831.firebasestorage.app\"}","GCLOUD_PROJECT":"razz6-92831","EVENTARC_CLOUD_EVENT_SOURCE":"projects/razz6-92831/locations/us-central1/services/fireblocksXrplSignDryRun","FUNCTION_TARGET":"fireblocksXrplSignDryRun","LOG_EXECUTION_ID":"true"},"maxInstanceCount":10,"ingressSettings":"ALLOW_ALL","serviceAccountEmail":"90435524032-compute@developer.gserviceaccount.com","availableMemory":"256Mi","secretEnvironmentVariables":[{"key":"FIREBLOCKS_API_KEY","projectId":"razz6-92831","secret":"FIREBLOCKS_API_KEY","version":"2"},{"key":"FIREBLOCKS_API_PRIVATE_KEY","projectId":"razz6-92831","secret":"FIREBLOCKS_API_PRIVATE_KEY","version":"3"},{"key":"FIREBLOCKS_BASE_URL","projectId":"razz6-92831","secret":"FIREBLOCKS_BASE_URL","version":"2"}],"maxInstanceRequestConcurrency":80,"availableCpu":"1"},"labels":{"deployment-tool":"cli-firebase","firebase-functions-hash":"fbe2dd90c21b5d11e74f033dd8bbf680332cdb4e"},"environment":"GEN_2"},"stages":[{"name":"BUILD","message":"Build in progress","state":"IN_PROGRESS","resource":"projects/90435524032/locations/us-central1/builds/0f88c4b6-e3b2-43d0-b281-d3b5edc129bd","resourceUri":"https://console.cloud.google.com/cloud-build/builds;region=us-central1/0f88c4b6-e3b2-43d0-b281-d3b5edc129bd?project=90435524032"},{"name":"SERVICE","state":"NOT_STARTED"}],"operationType":"CREATE_FUNCTION","buildName":"projects/90435524032/locations/us-central1/builds/0f88c4b6-e3b2-43d0-b281-d3b5edc129bd"},"done":false}
[debug] [2025-09-18T18:00:05.006Z] [create-default-us-central1-fireblocksXrplSignDryRun] Retrying task index 0
[debug] [2025-09-18T18:00:05.008Z] Checked if tokens are valid: true, expires at: 1758221973020
[debug] [2025-09-18T18:00:05.008Z] Checked if tokens are valid: true, expires at: 1758221973020
[debug] [2025-09-18T18:00:05.009Z] >>> [apiv2][query] GET https://cloudfunctions.googleapis.com/v2/projects/razz6-92831/locations/us-central1/operations/operation-1758218387688-63f171e6f8a9b-e858c1e7-85219a20 [none]
[debug] [2025-09-18T18:00:05.388Z] <<< [apiv2][status] GET https://cloudfunctions.googleapis.com/v2/projects/razz6-92831/locations/us-central1/operations/operation-1758218387688-63f171e6f8a9b-e858c1e7-85219a20 200
[debug] [2025-09-18T18:00:05.388Z] <<< [apiv2][body] GET https://cloudfunctions.googleapis.com/v2/projects/razz6-92831/locations/us-central1/operations/operation-1758218387688-63f171e6f8a9b-e858c1e7-85219a20 {"name":"projects/razz6-92831/locations/us-central1/operations/operation-1758218387688-63f171e6f8a9b-e858c1e7-85219a20","metadata":{"@type":"type.googleapis.com/google.cloud.functions.v2.OperationMetadata","createTime":"2025-09-18T17:59:48.199963673Z","target":"projects/razz6-92831/locations/us-central1/functions/fireblocksXrplSignDryRun","verb":"create","cancelRequested":false,"apiVersion":"v2","requestResource":{"@type":"type.googleapis.com/google.cloud.functions.v2.Function","name":"projects/razz6-92831/locations/us-central1/functions/fireblocksXrplSignDryRun","buildConfig":{"runtime":"nodejs20","entryPoint":"fireblocksXrplSignDryRun","source":{"storageSource":{"bucket":"gcf-v2-sources-90435524032-us-central1","object":"fireblocksXrplSignDryRun/function-source.zip","generation":"1758218387941148"}},"environmentVariables":{"GOOGLE_NODE_RUN_SCRIPTS":""},"serviceAccount":"projects/razz6-92831/serviceAccounts/90435524032-compute@developer.gserviceaccount.com","automaticUpdatePolicy":{}},"serviceConfig":{"service":"projects/razz6-92831/locations/us-central1/services/fireblocksxrplsigndryrun","timeoutSeconds":60,"environmentVariables":{"FIREBASE_CONFIG":"{\"projectId\":\"razz6-92831\",\"storageBucket\":\"razz6-92831.firebasestorage.app\"}","GCLOUD_PROJECT":"razz6-92831","EVENTARC_CLOUD_EVENT_SOURCE":"projects/razz6-92831/locations/us-central1/services/fireblocksXrplSignDryRun","FUNCTION_TARGET":"fireblocksXrplSignDryRun","LOG_EXECUTION_ID":"true"},"maxInstanceCount":10,"ingressSettings":"ALLOW_ALL","serviceAccountEmail":"90435524032-compute@developer.gserviceaccount.com","availableMemory":"256Mi","secretEnvironmentVariables":[{"key":"FIREBLOCKS_API_KEY","projectId":"razz6-92831","secret":"FIREBLOCKS_API_KEY","version":"2"},{"key":"FIREBLOCKS_API_PRIVATE_KEY","projectId":"razz6-92831","secret":"FIREBLOCKS_API_PRIVATE_KEY","version":"3"},{"key":"FIREBLOCKS_BASE_URL","projectId":"razz6-92831","secret":"FIREBLOCKS_BASE_URL","version":"2"}],"maxInstanceRequestConcurrency":80,"availableCpu":"1"},"labels":{"deployment-tool":"cli-firebase","firebase-functions-hash":"fbe2dd90c21b5d11e74f033dd8bbf680332cdb4e"},"environment":"GEN_2"},"stages":[{"name":"BUILD","message":"Build in progress","state":"IN_PROGRESS","resource":"projects/90435524032/locations/us-central1/builds/0f88c4b6-e3b2-43d0-b281-d3b5edc129bd","resourceUri":"https://console.cloud.google.com/cloud-build/builds;region=us-central1/0f88c4b6-e3b2-43d0-b281-d3b5edc129bd?project=90435524032"},{"name":"SERVICE","state":"NOT_STARTED"}],"operationType":"CREATE_FUNCTION","buildName":"projects/90435524032/locations/us-central1/builds/0f88c4b6-e3b2-43d0-b281-d3b5edc129bd"},"done":false}
